2018-03-16 22:43:36 [127.0.0.1][-][-][error][yii\web\HttpException:404] yii\base\InvalidRouteException: Unable to resolve the request "statics/mch/css/bootstrap.min.css.map". in F:\www\alone.cn\vendor\yiisoft\yii2\base\Module.php:532
Stack trace:
#0 F:\www\alone.cn\vendor\yiisoft\yii2\web\Application.php(102): yii\base\Module->runAction('statics/mch/css...', Array)
#1 F:\www\alone.cn\vendor\yiisoft\yii2\base\Application.php(380): yii\web\Application->handleRequest(Object(yii\web\Request))
#2 F:\www\alone.cn\web\index.php(19): yii\base\Application->run()
#3 {main}

Next yii\web\NotFoundHttpException: 页面未找到。 in F:\www\alone.cn\vendor\yiisoft\yii2\web\Application.php:114
Stack trace:
#0 F:\www\alone.cn\vendor\yiisoft\yii2\base\Application.php(380): yii\web\Application->handleRequest(Object(yii\web\Request))
#1 F:\www\alone.cn\web\index.php(19): yii\base\Application->run()
#2 {main}
2018-03-16 22:43:38 [127.0.0.1][-][-][error][yii\web\HttpException:404] yii\base\InvalidRouteException: Unable to resolve the request "statics/mch/css/bootstrap.min.css.map". in F:\www\alone.cn\vendor\yiisoft\yii2\base\Module.php:532
Stack trace:
#0 F:\www\alone.cn\vendor\yiisoft\yii2\web\Application.php(102): yii\base\Module->runAction('statics/mch/css...', Array)
#1 F:\www\alone.cn\vendor\yiisoft\yii2\base\Application.php(380): yii\web\Application->handleRequest(Object(yii\web\Request))
#2 F:\www\alone.cn\web\index.php(19): yii\base\Application->run()
#3 {main}

Next yii\web\NotFoundHttpException: 页面未找到。 in F:\www\alone.cn\vendor\yiisoft\yii2\web\Application.php:114
Stack trace:
#0 F:\www\alone.cn\vendor\yiisoft\yii2\base\Application.php(380): yii\web\Application->handleRequest(Object(yii\web\Request))
#1 F:\www\alone.cn\web\index.php(19): yii\base\Application->run()
#2 {main}
2018-03-16 22:43:42 [127.0.0.1][-][-][error][yii\web\HttpException:404] yii\base\InvalidRouteException: Unable to resolve the request "statics/mch/css/bootstrap.min.css.map". in F:\www\alone.cn\vendor\yiisoft\yii2\base\Module.php:532
Stack trace:
#0 F:\www\alone.cn\vendor\yiisoft\yii2\web\Application.php(102): yii\base\Module->runAction('statics/mch/css...', Array)
#1 F:\www\alone.cn\vendor\yiisoft\yii2\base\Application.php(380): yii\web\Application->handleRequest(Object(yii\web\Request))
#2 F:\www\alone.cn\web\index.php(19): yii\base\Application->run()
#3 {main}

Next yii\web\NotFoundHttpException: 页面未找到。 in F:\www\alone.cn\vendor\yiisoft\yii2\web\Application.php:114
Stack trace:
#0 F:\www\alone.cn\vendor\yiisoft\yii2\base\Application.php(380): yii\web\Application->handleRequest(Object(yii\web\Request))
#1 F:\www\alone.cn\web\index.php(19): yii\base\Application->run()
#2 {main}
2018-03-16 22:43:43 [127.0.0.1][-][-][error][yii\web\HttpException:404] yii\base\InvalidRouteException: Unable to resolve the request "statics/mch/css/bootstrap.min.css.map". in F:\www\alone.cn\vendor\yiisoft\yii2\base\Module.php:532
Stack trace:
#0 F:\www\alone.cn\vendor\yiisoft\yii2\web\Application.php(102): yii\base\Module->runAction('statics/mch/css...', Array)
#1 F:\www\alone.cn\vendor\yiisoft\yii2\base\Application.php(380): yii\web\Application->handleRequest(Object(yii\web\Request))
#2 F:\www\alone.cn\web\index.php(19): yii\base\Application->run()
#3 {main}

Next yii\web\NotFoundHttpException: 页面未找到。 in F:\www\alone.cn\vendor\yiisoft\yii2\web\Application.php:114
Stack trace:
#0 F:\www\alone.cn\vendor\yiisoft\yii2\base\Application.php(380): yii\web\Application->handleRequest(Object(yii\web\Request))
#1 F:\www\alone.cn\web\index.php(19): yii\base\Application->run()
#2 {main}
2018-03-16 22:43:43 [127.0.0.1][-][-][error][yii\web\HttpException:404] yii\base\InvalidRouteException: Unable to resolve the request "statics/mch/css/bootstrap.min.css.map". in F:\www\alone.cn\vendor\yiisoft\yii2\base\Module.php:532
Stack trace:
#0 F:\www\alone.cn\vendor\yiisoft\yii2\web\Application.php(102): yii\base\Module->runAction('statics/mch/css...', Array)
#1 F:\www\alone.cn\vendor\yiisoft\yii2\base\Application.php(380): yii\web\Application->handleRequest(Object(yii\web\Request))
#2 F:\www\alone.cn\web\index.php(19): yii\base\Application->run()
#3 {main}

Next yii\web\NotFoundHttpException: 页面未找到。 in F:\www\alone.cn\vendor\yiisoft\yii2\web\Application.php:114
Stack trace:
#0 F:\www\alone.cn\vendor\yiisoft\yii2\base\Application.php(380): yii\web\Application->handleRequest(Object(yii\web\Request))
#1 F:\www\alone.cn\web\index.php(19): yii\base\Application->run()
#2 {main}
2018-03-16 22:44:12 [127.0.0.1][-][-][error][yii\web\HttpException:404] yii\base\InvalidRouteException: Unable to resolve the request "statics/mch/css/bootstrap.min.css.map". in F:\www\alone.cn\vendor\yiisoft\yii2\base\Module.php:532
Stack trace:
#0 F:\www\alone.cn\vendor\yiisoft\yii2\web\Application.php(102): yii\base\Module->runAction('statics/mch/css...', Array)
#1 F:\www\alone.cn\vendor\yiisoft\yii2\base\Application.php(380): yii\web\Application->handleRequest(Object(yii\web\Request))
#2 F:\www\alone.cn\web\index.php(19): yii\base\Application->run()
#3 {main}

Next yii\web\NotFoundHttpException: 页面未找到。 in F:\www\alone.cn\vendor\yiisoft\yii2\web\Application.php:114
Stack trace:
#0 F:\www\alone.cn\vendor\yiisoft\yii2\base\Application.php(380): yii\web\Application->handleRequest(Object(yii\web\Request))
#1 F:\www\alone.cn\web\index.php(19): yii\base\Application->run()
#2 {main}
2018-03-16 22:44:13 [127.0.0.1][-][-][error][yii\web\HttpException:404] yii\base\InvalidRouteException: Unable to resolve the request "statics/mch/css/bootstrap.min.css.map". in F:\www\alone.cn\vendor\yiisoft\yii2\base\Module.php:532
Stack trace:
#0 F:\www\alone.cn\vendor\yiisoft\yii2\web\Application.php(102): yii\base\Module->runAction('statics/mch/css...', Array)
#1 F:\www\alone.cn\vendor\yiisoft\yii2\base\Application.php(380): yii\web\Application->handleRequest(Object(yii\web\Request))
#2 F:\www\alone.cn\web\index.php(19): yii\base\Application->run()
#3 {main}

Next yii\web\NotFoundHttpException: 页面未找到。 in F:\www\alone.cn\vendor\yiisoft\yii2\web\Application.php:114
Stack trace:
#0 F:\www\alone.cn\vendor\yiisoft\yii2\base\Application.php(380): yii\web\Application->handleRequest(Object(yii\web\Request))
#1 F:\www\alone.cn\web\index.php(19): yii\base\Application->run()
#2 {main}
2018-03-16 22:44:14 [127.0.0.1][-][-][error][yii\web\HttpException:404] yii\base\InvalidRouteException: Unable to resolve the request "statics/mch/css/bootstrap.min.css.map". in F:\www\alone.cn\vendor\yiisoft\yii2\base\Module.php:532
Stack trace:
#0 F:\www\alone.cn\vendor\yiisoft\yii2\web\Application.php(102): yii\base\Module->runAction('statics/mch/css...', Array)
#1 F:\www\alone.cn\vendor\yiisoft\yii2\base\Application.php(380): yii\web\Application->handleRequest(Object(yii\web\Request))
#2 F:\www\alone.cn\web\index.php(19): yii\base\Application->run()
#3 {main}

Next yii\web\NotFoundHttpException: 页面未找到。 in F:\www\alone.cn\vendor\yiisoft\yii2\web\Application.php:114
Stack trace:
#0 F:\www\alone.cn\vendor\yiisoft\yii2\base\Application.php(380): yii\web\Application->handleRequest(Object(yii\web\Request))
#1 F:\www\alone.cn\web\index.php(19): yii\base\Application->run()
#2 {main}
2018-03-16 22:44:15 [127.0.0.1][-][-][error][yii\web\HttpException:404] yii\base\InvalidRouteException: Unable to resolve the request "statics/mch/css/bootstrap.min.css.map". in F:\www\alone.cn\vendor\yiisoft\yii2\base\Module.php:532
Stack trace:
#0 F:\www\alone.cn\vendor\yiisoft\yii2\web\Application.php(102): yii\base\Module->runAction('statics/mch/css...', Array)
#1 F:\www\alone.cn\vendor\yiisoft\yii2\base\Application.php(380): yii\web\Application->handleRequest(Object(yii\web\Request))
#2 F:\www\alone.cn\web\index.php(19): yii\base\Application->run()
#3 {main}

Next yii\web\NotFoundHttpException: 页面未找到。 in F:\www\alone.cn\vendor\yiisoft\yii2\web\Application.php:114
Stack trace:
#0 F:\www\alone.cn\vendor\yiisoft\yii2\base\Application.php(380): yii\web\Application->handleRequest(Object(yii\web\Request))
#1 F:\www\alone.cn\web\index.php(19): yii\base\Application->run()
#2 {main}
2018-03-16 22:44:15 [127.0.0.1][-][-][error][yii\web\HttpException:404] yii\base\InvalidRouteException: Unable to resolve the request "statics/mch/css/bootstrap.min.css.map". in F:\www\alone.cn\vendor\yiisoft\yii2\base\Module.php:532
Stack trace:
#0 F:\www\alone.cn\vendor\yiisoft\yii2\web\Application.php(102): yii\base\Module->runAction('statics/mch/css...', Array)
#1 F:\www\alone.cn\vendor\yiisoft\yii2\base\Application.php(380): yii\web\Application->handleRequest(Object(yii\web\Request))
#2 F:\www\alone.cn\web\index.php(19): yii\base\Application->run()
#3 {main}

Next yii\web\NotFoundHttpException: 页面未找到。 in F:\www\alone.cn\vendor\yiisoft\yii2\web\Application.php:114
Stack trace:
#0 F:\www\alone.cn\vendor\yiisoft\yii2\base\Application.php(380): yii\web\Application->handleRequest(Object(yii\web\Request))
#1 F:\www\alone.cn\web\index.php(19): yii\base\Application->run()
#2 {main}
2018-03-16 22:44:16 [127.0.0.1][-][-][error][yii\web\HttpException:404] yii\base\InvalidRouteException: Unable to resolve the request "statics/mch/css/bootstrap.min.css.map". in F:\www\alone.cn\vendor\yiisoft\yii2\base\Module.php:532
Stack trace:
#0 F:\www\alone.cn\vendor\yiisoft\yii2\web\Application.php(102): yii\base\Module->runAction('statics/mch/css...', Array)
#1 F:\www\alone.cn\vendor\yiisoft\yii2\base\Application.php(380): yii\web\Application->handleRequest(Object(yii\web\Request))
#2 F:\www\alone.cn\web\index.php(19): yii\base\Application->run()
#3 {main}

Next yii\web\NotFoundHttpException: 页面未找到。 in F:\www\alone.cn\vendor\yiisoft\yii2\web\Application.php:114
Stack trace:
#0 F:\www\alone.cn\vendor\yiisoft\yii2\base\Application.php(380): yii\web\Application->handleRequest(Object(yii\web\Request))
#1 F:\www\alone.cn\web\index.php(19): yii\base\Application->run()
#2 {main}
2018-03-16 22:44:16 [127.0.0.1][-][-][error][yii\web\HttpException:404] yii\base\InvalidRouteException: Unable to resolve the request "statics/mch/css/bootstrap.min.css.map". in F:\www\alone.cn\vendor\yiisoft\yii2\base\Module.php:532
Stack trace:
#0 F:\www\alone.cn\vendor\yiisoft\yii2\web\Application.php(102): yii\base\Module->runAction('statics/mch/css...', Array)
#1 F:\www\alone.cn\vendor\yiisoft\yii2\base\Application.php(380): yii\web\Application->handleRequest(Object(yii\web\Request))
#2 F:\www\alone.cn\web\index.php(19): yii\base\Application->run()
#3 {main}

Next yii\web\NotFoundHttpException: 页面未找到。 in F:\www\alone.cn\vendor\yiisoft\yii2\web\Application.php:114
Stack trace:
#0 F:\www\alone.cn\vendor\yiisoft\yii2\base\Application.php(380): yii\web\Application->handleRequest(Object(yii\web\Request))
#1 F:\www\alone.cn\web\index.php(19): yii\base\Application->run()
#2 {main}
2018-03-16 22:44:17 [127.0.0.1][-][-][error][yii\web\HttpException:404] yii\base\InvalidRouteException: Unable to resolve the request "statics/mch/css/bootstrap.min.css.map". in F:\www\alone.cn\vendor\yiisoft\yii2\base\Module.php:532
Stack trace:
#0 F:\www\alone.cn\vendor\yiisoft\yii2\web\Application.php(102): yii\base\Module->runAction('statics/mch/css...', Array)
#1 F:\www\alone.cn\vendor\yiisoft\yii2\base\Application.php(380): yii\web\Application->handleRequest(Object(yii\web\Request))
#2 F:\www\alone.cn\web\index.php(19): yii\base\Application->run()
#3 {main}

Next yii\web\NotFoundHttpException: 页面未找到。 in F:\www\alone.cn\vendor\yiisoft\yii2\web\Application.php:114
Stack trace:
#0 F:\www\alone.cn\vendor\yiisoft\yii2\base\Application.php(380): yii\web\Application->handleRequest(Object(yii\web\Request))
#1 F:\www\alone.cn\web\index.php(19): yii\base\Application->run()
#2 {main}
2018-03-16 22:44:17 [127.0.0.1][-][-][error][yii\web\HttpException:404] yii\base\InvalidRouteException: Unable to resolve the request "statics/mch/css/bootstrap.min.css.map". in F:\www\alone.cn\vendor\yiisoft\yii2\base\Module.php:532
Stack trace:
#0 F:\www\alone.cn\vendor\yiisoft\yii2\web\Application.php(102): yii\base\Module->runAction('statics/mch/css...', Array)
#1 F:\www\alone.cn\vendor\yiisoft\yii2\base\Application.php(380): yii\web\Application->handleRequest(Object(yii\web\Request))
#2 F:\www\alone.cn\web\index.php(19): yii\base\Application->run()
#3 {main}

Next yii\web\NotFoundHttpException: 页面未找到。 in F:\www\alone.cn\vendor\yiisoft\yii2\web\Application.php:114
Stack trace:
#0 F:\www\alone.cn\vendor\yiisoft\yii2\base\Application.php(380): yii\web\Application->handleRequest(Object(yii\web\Request))
#1 F:\www\alone.cn\web\index.php(19): yii\base\Application->run()
#2 {main}
2018-03-16 22:44:18 [127.0.0.1][-][-][error][yii\web\HttpException:404] yii\base\InvalidRouteException: Unable to resolve the request "statics/mch/css/bootstrap.min.css.map". in F:\www\alone.cn\vendor\yiisoft\yii2\base\Module.php:532
Stack trace:
#0 F:\www\alone.cn\vendor\yiisoft\yii2\web\Application.php(102): yii\base\Module->runAction('statics/mch/css...', Array)
#1 F:\www\alone.cn\vendor\yiisoft\yii2\base\Application.php(380): yii\web\Application->handleRequest(Object(yii\web\Request))
#2 F:\www\alone.cn\web\index.php(19): yii\base\Application->run()
#3 {main}

Next yii\web\NotFoundHttpException: 页面未找到。 in F:\www\alone.cn\vendor\yiisoft\yii2\web\Application.php:114
Stack trace:
#0 F:\www\alone.cn\vendor\yiisoft\yii2\base\Application.php(380): yii\web\Application->handleRequest(Object(yii\web\Request))
#1 F:\www\alone.cn\web\index.php(19): yii\base\Application->run()
#2 {main}
2018-03-16 22:44:18 [127.0.0.1][-][-][error][yii\web\HttpException:404] yii\base\InvalidRouteException: Unable to resolve the request "statics/mch/css/bootstrap.min.css.map". in F:\www\alone.cn\vendor\yiisoft\yii2\base\Module.php:532
Stack trace:
#0 F:\www\alone.cn\vendor\yiisoft\yii2\web\Application.php(102): yii\base\Module->runAction('statics/mch/css...', Array)
#1 F:\www\alone.cn\vendor\yiisoft\yii2\base\Application.php(380): yii\web\Application->handleRequest(Object(yii\web\Request))
#2 F:\www\alone.cn\web\index.php(19): yii\base\Application->run()
#3 {main}

Next yii\web\NotFoundHttpException: 页面未找到。 in F:\www\alone.cn\vendor\yiisoft\yii2\web\Application.php:114
Stack trace:
#0 F:\www\alone.cn\vendor\yiisoft\yii2\base\Application.php(380): yii\web\Application->handleRequest(Object(yii\web\Request))
#1 F:\www\alone.cn\web\index.php(19): yii\base\Application->run()
#2 {main}
2018-03-16 22:44:19 [127.0.0.1][-][-][error][yii\web\HttpException:404] yii\base\InvalidRouteException: Unable to resolve the request "statics/mch/css/bootstrap.min.css.map". in F:\www\alone.cn\vendor\yiisoft\yii2\base\Module.php:532
Stack trace:
#0 F:\www\alone.cn\vendor\yiisoft\yii2\web\Application.php(102): yii\base\Module->runAction('statics/mch/css...', Array)
#1 F:\www\alone.cn\vendor\yiisoft\yii2\base\Application.php(380): yii\web\Application->handleRequest(Object(yii\web\Request))
#2 F:\www\alone.cn\web\index.php(19): yii\base\Application->run()
#3 {main}

Next yii\web\NotFoundHttpException: 页面未找到。 in F:\www\alone.cn\vendor\yiisoft\yii2\web\Application.php:114
Stack trace:
#0 F:\www\alone.cn\vendor\yiisoft\yii2\base\Application.php(380): yii\web\Application->handleRequest(Object(yii\web\Request))
#1 F:\www\alone.cn\web\index.php(19): yii\base\Application->run()
#2 {main}
2018-03-16 22:44:19 [127.0.0.1][-][-][error][yii\web\HttpException:404] yii\base\InvalidRouteException: Unable to resolve the request "statics/mch/css/bootstrap.min.css.map". in F:\www\alone.cn\vendor\yiisoft\yii2\base\Module.php:532
Stack trace:
#0 F:\www\alone.cn\vendor\yiisoft\yii2\web\Application.php(102): yii\base\Module->runAction('statics/mch/css...', Array)
#1 F:\www\alone.cn\vendor\yiisoft\yii2\base\Application.php(380): yii\web\Application->handleRequest(Object(yii\web\Request))
#2 F:\www\alone.cn\web\index.php(19): yii\base\Application->run()
#3 {main}

Next yii\web\NotFoundHttpException: 页面未找到。 in F:\www\alone.cn\vendor\yiisoft\yii2\web\Application.php:114
Stack trace:
#0 F:\www\alone.cn\vendor\yiisoft\yii2\base\Application.php(380): yii\web\Application->handleRequest(Object(yii\web\Request))
#1 F:\www\alone.cn\web\index.php(19): yii\base\Application->run()
#2 {main}
2018-03-16 22:44:20 [127.0.0.1][-][-][error][yii\web\HttpException:404] yii\base\InvalidRouteException: Unable to resolve the request "statics/mch/css/bootstrap.min.css.map". in F:\www\alone.cn\vendor\yiisoft\yii2\base\Module.php:532
Stack trace:
#0 F:\www\alone.cn\vendor\yiisoft\yii2\web\Application.php(102): yii\base\Module->runAction('statics/mch/css...', Array)
#1 F:\www\alone.cn\vendor\yiisoft\yii2\base\Application.php(380): yii\web\Application->handleRequest(Object(yii\web\Request))
#2 F:\www\alone.cn\web\index.php(19): yii\base\Application->run()
#3 {main}

Next yii\web\NotFoundHttpException: 页面未找到。 in F:\www\alone.cn\vendor\yiisoft\yii2\web\Application.php:114
Stack trace:
#0 F:\www\alone.cn\vendor\yiisoft\yii2\base\Application.php(380): yii\web\Application->handleRequest(Object(yii\web\Request))
#1 F:\www\alone.cn\web\index.php(19): yii\base\Application->run()
#2 {main}
2018-03-16 22:44:21 [127.0.0.1][-][-][error][yii\web\HttpException:404] yii\base\InvalidRouteException: Unable to resolve the request "statics/mch/css/bootstrap.min.css.map". in F:\www\alone.cn\vendor\yiisoft\yii2\base\Module.php:532
Stack trace:
#0 F:\www\alone.cn\vendor\yiisoft\yii2\web\Application.php(102): yii\base\Module->runAction('statics/mch/css...', Array)
#1 F:\www\alone.cn\vendor\yiisoft\yii2\base\Application.php(380): yii\web\Application->handleRequest(Object(yii\web\Request))
#2 F:\www\alone.cn\web\index.php(19): yii\base\Application->run()
#3 {main}

Next yii\web\NotFoundHttpException: 页面未找到。 in F:\www\alone.cn\vendor\yiisoft\yii2\web\Application.php:114
Stack trace:
#0 F:\www\alone.cn\vendor\yiisoft\yii2\base\Application.php(380): yii\web\Application->handleRequest(Object(yii\web\Request))
#1 F:\www\alone.cn\web\index.php(19): yii\base\Application->run()
#2 {main}
2018-03-16 22:44:21 [127.0.0.1][-][-][error][yii\web\HttpException:404] yii\base\InvalidRouteException: Unable to resolve the request "statics/mch/css/bootstrap.min.css.map". in F:\www\alone.cn\vendor\yiisoft\yii2\base\Module.php:532
Stack trace:
#0 F:\www\alone.cn\vendor\yiisoft\yii2\web\Application.php(102): yii\base\Module->runAction('statics/mch/css...', Array)
#1 F:\www\alone.cn\vendor\yiisoft\yii2\base\Application.php(380): yii\web\Application->handleRequest(Object(yii\web\Request))
#2 F:\www\alone.cn\web\index.php(19): yii\base\Application->run()
#3 {main}

Next yii\web\NotFoundHttpException: 页面未找到。 in F:\www\alone.cn\vendor\yiisoft\yii2\web\Application.php:114
Stack trace:
#0 F:\www\alone.cn\vendor\yiisoft\yii2\base\Application.php(380): yii\web\Application->handleRequest(Object(yii\web\Request))
#1 F:\www\alone.cn\web\index.php(19): yii\base\Application->run()
#2 {main}
2018-03-16 22:45:12 [127.0.0.1][-][-][error][yii\web\HttpException:404] yii\base\InvalidRouteException: Unable to resolve the request "statics/mch/css/bootstrap.min.css.map". in F:\www\alone.cn\vendor\yiisoft\yii2\base\Module.php:532
Stack trace:
#0 F:\www\alone.cn\vendor\yiisoft\yii2\web\Application.php(102): yii\base\Module->runAction('statics/mch/css...', Array)
#1 F:\www\alone.cn\vendor\yiisoft\yii2\base\Application.php(380): yii\web\Application->handleRequest(Object(yii\web\Request))
#2 F:\www\alone.cn\web\index.php(19): yii\base\Application->run()
#3 {main}

Next yii\web\NotFoundHttpException: 页面未找到。 in F:\www\alone.cn\vendor\yiisoft\yii2\web\Application.php:114
Stack trace:
#0 F:\www\alone.cn\vendor\yiisoft\yii2\base\Application.php(380): yii\web\Application->handleRequest(Object(yii\web\Request))
#1 F:\www\alone.cn\web\index.php(19): yii\base\Application->run()
#2 {main}
2018-03-16 22:45:14 [127.0.0.1][-][-][error][yii\web\HttpException:404] yii\base\InvalidRouteException: Unable to resolve the request "statics/mch/css/bootstrap.min.css.map". in F:\www\alone.cn\vendor\yiisoft\yii2\base\Module.php:532
Stack trace:
#0 F:\www\alone.cn\vendor\yiisoft\yii2\web\Application.php(102): yii\base\Module->runAction('statics/mch/css...', Array)
#1 F:\www\alone.cn\vendor\yiisoft\yii2\base\Application.php(380): yii\web\Application->handleRequest(Object(yii\web\Request))
#2 F:\www\alone.cn\web\index.php(19): yii\base\Application->run()
#3 {main}

Next yii\web\NotFoundHttpException: 页面未找到。 in F:\www\alone.cn\vendor\yiisoft\yii2\web\Application.php:114
Stack trace:
#0 F:\www\alone.cn\vendor\yiisoft\yii2\base\Application.php(380): yii\web\Application->handleRequest(Object(yii\web\Request))
#1 F:\www\alone.cn\web\index.php(19): yii\base\Application->run()
#2 {main}
2018-03-16 22:45:14 [127.0.0.1][-][-][error][yii\web\HttpException:404] yii\base\InvalidRouteException: Unable to resolve the request "statics/mch/css/bootstrap.min.css.map". in F:\www\alone.cn\vendor\yiisoft\yii2\base\Module.php:532
Stack trace:
#0 F:\www\alone.cn\vendor\yiisoft\yii2\web\Application.php(102): yii\base\Module->runAction('statics/mch/css...', Array)
#1 F:\www\alone.cn\vendor\yiisoft\yii2\base\Application.php(380): yii\web\Application->handleRequest(Object(yii\web\Request))
#2 F:\www\alone.cn\web\index.php(19): yii\base\Application->run()
#3 {main}

Next yii\web\NotFoundHttpException: 页面未找到。 in F:\www\alone.cn\vendor\yiisoft\yii2\web\Application.php:114
Stack trace:
#0 F:\www\alone.cn\vendor\yiisoft\yii2\base\Application.php(380): yii\web\Application->handleRequest(Object(yii\web\Request))
#1 F:\www\alone.cn\web\index.php(19): yii\base\Application->run()
#2 {main}
2018-03-16 22:45:27 [127.0.0.1][-][-][error][yii\web\HttpException:404] yii\base\InvalidRouteException: Unable to resolve the request "statics/mch/css/bootstrap.min.css.map". in F:\www\alone.cn\vendor\yiisoft\yii2\base\Module.php:532
Stack trace:
#0 F:\www\alone.cn\vendor\yiisoft\yii2\web\Application.php(102): yii\base\Module->runAction('statics/mch/css...', Array)
#1 F:\www\alone.cn\vendor\yiisoft\yii2\base\Application.php(380): yii\web\Application->handleRequest(Object(yii\web\Request))
#2 F:\www\alone.cn\web\index.php(19): yii\base\Application->run()
#3 {main}

Next yii\web\NotFoundHttpException: 页面未找到。 in F:\www\alone.cn\vendor\yiisoft\yii2\web\Application.php:114
Stack trace:
#0 F:\www\alone.cn\vendor\yiisoft\yii2\base\Application.php(380): yii\web\Application->handleRequest(Object(yii\web\Request))
#1 F:\www\alone.cn\web\index.php(19): yii\base\Application->run()
#2 {main}
2018-03-16 22:45:31 [127.0.0.1][-][-][error][yii\web\HttpException:404] yii\base\InvalidRouteException: Unable to resolve the request "statics/mch/css/bootstrap.min.css.map". in F:\www\alone.cn\vendor\yiisoft\yii2\base\Module.php:532
Stack trace:
#0 F:\www\alone.cn\vendor\yiisoft\yii2\web\Application.php(102): yii\base\Module->runAction('statics/mch/css...', Array)
#1 F:\www\alone.cn\vendor\yiisoft\yii2\base\Application.php(380): yii\web\Application->handleRequest(Object(yii\web\Request))
#2 F:\www\alone.cn\web\index.php(19): yii\base\Application->run()
#3 {main}

Next yii\web\NotFoundHttpException: 页面未找到。 in F:\www\alone.cn\vendor\yiisoft\yii2\web\Application.php:114
Stack trace:
#0 F:\www\alone.cn\vendor\yiisoft\yii2\base\Application.php(380): yii\web\Application->handleRequest(Object(yii\web\Request))
#1 F:\www\alone.cn\web\index.php(19): yii\base\Application->run()
#2 {main}
2018-03-16 22:45:31 [127.0.0.1][-][-][error][yii\web\HttpException:404] yii\base\InvalidRouteException: Unable to resolve the request "statics/mch/css/bootstrap.min.css.map". in F:\www\alone.cn\vendor\yiisoft\yii2\base\Module.php:532
Stack trace:
#0 F:\www\alone.cn\vendor\yiisoft\yii2\web\Application.php(102): yii\base\Module->runAction('statics/mch/css...', Array)
#1 F:\www\alone.cn\vendor\yiisoft\yii2\base\Application.php(380): yii\web\Application->handleRequest(Object(yii\web\Request))
#2 F:\www\alone.cn\web\index.php(19): yii\base\Application->run()
#3 {main}

Next yii\web\NotFoundHttpException: 页面未找到。 in F:\www\alone.cn\vendor\yiisoft\yii2\web\Application.php:114
Stack trace:
#0 F:\www\alone.cn\vendor\yiisoft\yii2\base\Application.php(380): yii\web\Application->handleRequest(Object(yii\web\Request))
#1 F:\www\alone.cn\web\index.php(19): yii\base\Application->run()
#2 {main}
2018-03-16 22:45:32 [127.0.0.1][-][-][error][yii\web\HttpException:404] yii\base\InvalidRouteException: Unable to resolve the request "statics/mch/css/bootstrap.min.css.map". in F:\www\alone.cn\vendor\yiisoft\yii2\base\Module.php:532
Stack trace:
#0 F:\www\alone.cn\vendor\yiisoft\yii2\web\Application.php(102): yii\base\Module->runAction('statics/mch/css...', Array)
#1 F:\www\alone.cn\vendor\yiisoft\yii2\base\Application.php(380): yii\web\Application->handleRequest(Object(yii\web\Request))
#2 F:\www\alone.cn\web\index.php(19): yii\base\Application->run()
#3 {main}

Next yii\web\NotFoundHttpException: 页面未找到。 in F:\www\alone.cn\vendor\yiisoft\yii2\web\Application.php:114
Stack trace:
#0 F:\www\alone.cn\vendor\yiisoft\yii2\base\Application.php(380): yii\web\Application->handleRequest(Object(yii\web\Request))
#1 F:\www\alone.cn\web\index.php(19): yii\base\Application->run()
#2 {main}
2018-03-16 22:45:33 [127.0.0.1][-][-][error][yii\web\HttpException:404] yii\base\InvalidRouteException: Unable to resolve the request "statics/mch/css/bootstrap.min.css.map". in F:\www\alone.cn\vendor\yiisoft\yii2\base\Module.php:532
Stack trace:
#0 F:\www\alone.cn\vendor\yiisoft\yii2\web\Application.php(102): yii\base\Module->runAction('statics/mch/css...', Array)
#1 F:\www\alone.cn\vendor\yiisoft\yii2\base\Application.php(380): yii\web\Application->handleRequest(Object(yii\web\Request))
#2 F:\www\alone.cn\web\index.php(19): yii\base\Application->run()
#3 {main}

Next yii\web\NotFoundHttpException: 页面未找到。 in F:\www\alone.cn\vendor\yiisoft\yii2\web\Application.php:114
Stack trace:
#0 F:\www\alone.cn\vendor\yiisoft\yii2\base\Application.php(380): yii\web\Application->handleRequest(Object(yii\web\Request))
#1 F:\www\alone.cn\web\index.php(19): yii\base\Application->run()
#2 {main}
2018-03-16 22:45:33 [127.0.0.1][-][-][error][yii\web\HttpException:404] yii\base\InvalidRouteException: Unable to resolve the request "statics/mch/css/bootstrap.min.css.map". in F:\www\alone.cn\vendor\yiisoft\yii2\base\Module.php:532
Stack trace:
#0 F:\www\alone.cn\vendor\yiisoft\yii2\web\Application.php(102): yii\base\Module->runAction('statics/mch/css...', Array)
#1 F:\www\alone.cn\vendor\yiisoft\yii2\base\Application.php(380): yii\web\Application->handleRequest(Object(yii\web\Request))
#2 F:\www\alone.cn\web\index.php(19): yii\base\Application->run()
#3 {main}

Next yii\web\NotFoundHttpException: 页面未找到。 in F:\www\alone.cn\vendor\yiisoft\yii2\web\Application.php:114
Stack trace:
#0 F:\www\alone.cn\vendor\yiisoft\yii2\base\Application.php(380): yii\web\Application->handleRequest(Object(yii\web\Request))
#1 F:\www\alone.cn\web\index.php(19): yii\base\Application->run()
#2 {main}
2018-03-16 22:45:34 [127.0.0.1][-][-][error][yii\web\HttpException:404] yii\base\InvalidRouteException: Unable to resolve the request "statics/mch/css/bootstrap.min.css.map". in F:\www\alone.cn\vendor\yiisoft\yii2\base\Module.php:532
Stack trace:
#0 F:\www\alone.cn\vendor\yiisoft\yii2\web\Application.php(102): yii\base\Module->runAction('statics/mch/css...', Array)
#1 F:\www\alone.cn\vendor\yiisoft\yii2\base\Application.php(380): yii\web\Application->handleRequest(Object(yii\web\Request))
#2 F:\www\alone.cn\web\index.php(19): yii\base\Application->run()
#3 {main}

Next yii\web\NotFoundHttpException: 页面未找到。 in F:\www\alone.cn\vendor\yiisoft\yii2\web\Application.php:114
Stack trace:
#0 F:\www\alone.cn\vendor\yiisoft\yii2\base\Application.php(380): yii\web\Application->handleRequest(Object(yii\web\Request))
#1 F:\www\alone.cn\web\index.php(19): yii\base\Application->run()
#2 {main}
2018-03-17 16:58:57 [127.0.0.1][-][-][error][yii\web\HttpException:404] yii\base\InvalidRouteException: Unable to resolve the request "statics/mch/css/bootstrap.min.css.map". in F:\www\alone.cn\vendor\yiisoft\yii2\base\Module.php:532
Stack trace:
#0 F:\www\alone.cn\vendor\yiisoft\yii2\web\Application.php(102): yii\base\Module->runAction('statics/mch/css...', Array)
#1 F:\www\alone.cn\vendor\yiisoft\yii2\base\Application.php(380): yii\web\Application->handleRequest(Object(yii\web\Request))
#2 F:\www\alone.cn\web\index.php(19): yii\base\Application->run()
#3 {main}

Next yii\web\NotFoundHttpException: 页面未找到。 in F:\www\alone.cn\vendor\yiisoft\yii2\web\Application.php:114
Stack trace:
#0 F:\www\alone.cn\vendor\yiisoft\yii2\base\Application.php(380): yii\web\Application->handleRequest(Object(yii\web\Request))
#1 F:\www\alone.cn\web\index.php(19): yii\base\Application->run()
#2 {main}
2018-03-17 16:59:01 [127.0.0.1][-][-][error][yii\web\HttpException:404] yii\base\InvalidRouteException: Unable to resolve the request "statics/mch/css/bootstrap.min.css.map". in F:\www\alone.cn\vendor\yiisoft\yii2\base\Module.php:532
Stack trace:
#0 F:\www\alone.cn\vendor\yiisoft\yii2\web\Application.php(102): yii\base\Module->runAction('statics/mch/css...', Array)
#1 F:\www\alone.cn\vendor\yiisoft\yii2\base\Application.php(380): yii\web\Application->handleRequest(Object(yii\web\Request))
#2 F:\www\alone.cn\web\index.php(19): yii\base\Application->run()
#3 {main}

Next yii\web\NotFoundHttpException: 页面未找到。 in F:\www\alone.cn\vendor\yiisoft\yii2\web\Application.php:114
Stack trace:
#0 F:\www\alone.cn\vendor\yiisoft\yii2\base\Application.php(380): yii\web\Application->handleRequest(Object(yii\web\Request))
#1 F:\www\alone.cn\web\index.php(19): yii\base\Application->run()
#2 {main}
2018-03-17 16:59:43 [127.0.0.1][-][-][error][yii\web\HttpException:404] yii\base\InvalidRouteException: Unable to resolve the request "statics/mch/css/bootstrap.min.css.map". in F:\www\alone.cn\vendor\yiisoft\yii2\base\Module.php:532
Stack trace:
#0 F:\www\alone.cn\vendor\yiisoft\yii2\web\Application.php(102): yii\base\Module->runAction('statics/mch/css...', Array)
#1 F:\www\alone.cn\vendor\yiisoft\yii2\base\Application.php(380): yii\web\Application->handleRequest(Object(yii\web\Request))
#2 F:\www\alone.cn\web\index.php(19): yii\base\Application->run()
#3 {main}

Next yii\web\NotFoundHttpException: 页面未找到。 in F:\www\alone.cn\vendor\yiisoft\yii2\web\Application.php:114
Stack trace:
#0 F:\www\alone.cn\vendor\yiisoft\yii2\base\Application.php(380): yii\web\Application->handleRequest(Object(yii\web\Request))
#1 F:\www\alone.cn\web\index.php(19): yii\base\Application->run()
#2 {main}
2018-03-18 13:38:41 [127.0.0.1][-][-][error][yii\web\HttpException:404] yii\base\InvalidRouteException: Unable to resolve the request "statics/mch/css/bootstrap.min.css.map". in F:\www\alone.cn\vendor\yiisoft\yii2\base\Module.php:532
Stack trace:
#0 F:\www\alone.cn\vendor\yiisoft\yii2\web\Application.php(102): yii\base\Module->runAction('statics/mch/css...', Array)
#1 F:\www\alone.cn\vendor\yiisoft\yii2\base\Application.php(380): yii\web\Application->handleRequest(Object(yii\web\Request))
#2 F:\www\alone.cn\web\index.php(19): yii\base\Application->run()
#3 {main}

Next yii\web\NotFoundHttpException: 页面未找到。 in F:\www\alone.cn\vendor\yiisoft\yii2\web\Application.php:114
Stack trace:
#0 F:\www\alone.cn\vendor\yiisoft\yii2\base\Application.php(380): yii\web\Application->handleRequest(Object(yii\web\Request))
#1 F:\www\alone.cn\web\index.php(19): yii\base\Application->run()
#2 {main}
2018-03-18 13:39:39 [127.0.0.1][-][-][error][yii\web\HttpException:404] yii\base\InvalidRouteException: Unable to resolve the request "statics/mch/css/bootstrap.min.css.map". in F:\www\alone.cn\vendor\yiisoft\yii2\base\Module.php:532
Stack trace:
#0 F:\www\alone.cn\vendor\yiisoft\yii2\web\Application.php(102): yii\base\Module->runAction('statics/mch/css...', Array)
#1 F:\www\alone.cn\vendor\yiisoft\yii2\base\Application.php(380): yii\web\Application->handleRequest(Object(yii\web\Request))
#2 F:\www\alone.cn\web\index.php(19): yii\base\Application->run()
#3 {main}

Next yii\web\NotFoundHttpException: 页面未找到。 in F:\www\alone.cn\vendor\yiisoft\yii2\web\Application.php:114
Stack trace:
#0 F:\www\alone.cn\vendor\yiisoft\yii2\base\Application.php(380): yii\web\Application->handleRequest(Object(yii\web\Request))
#1 F:\www\alone.cn\web\index.php(19): yii\base\Application->run()
#2 {main}
2018-03-18 13:39:41 [127.0.0.1][-][-][error][yii\web\HttpException:404] yii\base\InvalidRouteException: Unable to resolve the request "statics/mch/css/bootstrap.min.css.map". in F:\www\alone.cn\vendor\yiisoft\yii2\base\Module.php:532
Stack trace:
#0 F:\www\alone.cn\vendor\yiisoft\yii2\web\Application.php(102): yii\base\Module->runAction('statics/mch/css...', Array)
#1 F:\www\alone.cn\vendor\yiisoft\yii2\base\Application.php(380): yii\web\Application->handleRequest(Object(yii\web\Request))
#2 F:\www\alone.cn\web\index.php(19): yii\base\Application->run()
#3 {main}

Next yii\web\NotFoundHttpException: 页面未找到。 in F:\www\alone.cn\vendor\yiisoft\yii2\web\Application.php:114
Stack trace:
#0 F:\www\alone.cn\vendor\yiisoft\yii2\base\Application.php(380): yii\web\Application->handleRequest(Object(yii\web\Request))
#1 F:\www\alone.cn\web\index.php(19): yii\base\Application->run()
#2 {main}
2018-03-18 20:29:25 [127.0.0.1][-][-][error][yii\web\HttpException:404] yii\base\InvalidRouteException: Unable to resolve the request "favicon.ico". in F:\www\alone.cn\vendor\yiisoft\yii2\base\Module.php:532
Stack trace:
#0 F:\www\alone.cn\vendor\yiisoft\yii2\web\Application.php(102): yii\base\Module->runAction('favicon.ico', Array)
#1 F:\www\alone.cn\vendor\yiisoft\yii2\base\Application.php(380): yii\web\Application->handleRequest(Object(yii\web\Request))
#2 F:\www\alone.cn\web\index.php(19): yii\base\Application->run()
#3 {main}

Next yii\web\NotFoundHttpException: 页面未找到。 in F:\www\alone.cn\vendor\yiisoft\yii2\web\Application.php:114
Stack trace:
#0 F:\www\alone.cn\vendor\yiisoft\yii2\base\Application.php(380): yii\web\Application->handleRequest(Object(yii\web\Request))
#1 F:\www\alone.cn\web\index.php(19): yii\base\Application->run()
#2 {main}
2018-05-14 17:00:31 [::1][-][-][warning][yii\log\Dispatcher::dispatch] Unable to send log via yii\debug\LogTarget: PHP Warning 'yii\base\ErrorException' with message 'session_set_cookie_params(): Cannot change session cookie parameters when headers already sent' 

in /Applications/XAMPP/xamppfiles/htdocs/myyiiwechatdemo/vendor/yiisoft/yii2/web/Session.php:381

Stack trace:
#0 [internal function]: yii\base\ErrorHandler->handleError(2, 'session_set_coo...', '/Applications/X...', 381, Array)
#1 /Applications/XAMPP/xamppfiles/htdocs/myyiiwechatdemo/vendor/yiisoft/yii2/web/Session.php(381): session_set_cookie_params(0, '/', '', false, true)
#2 /Applications/XAMPP/xamppfiles/htdocs/myyiiwechatdemo/vendor/yiisoft/yii2/web/Session.php(130): yii\web\Session->setCookieParamsInternal()
#3 /Applications/XAMPP/xamppfiles/htdocs/myyiiwechatdemo/vendor/yiisoft/yii2/web/Session.php(596): yii\web\Session->open()
#4 /Applications/XAMPP/xamppfiles/htdocs/myyiiwechatdemo/vendor/yiisoft/yii2/web/User.php(650): yii\web\Session->get('__id')
#5 /Applications/XAMPP/xamppfiles/htdocs/myyiiwechatdemo/vendor/yiisoft/yii2/web/User.php(188): yii\web\User->renewAuthStatus()
#6 /Applications/XAMPP/xamppfiles/htdocs/myyiiwechatdemo/vendor/yiisoft/yii2/base/Component.php(132): yii\web\User->getIdentity()
#7 /Applications/XAMPP/xamppfiles/htdocs/myyiiwechatdemo/vendor/yiisoft/yii2-debug/panels/UserPanel.php(54): yii\base\Component->__get('identity')
#8 /Applications/XAMPP/xamppfiles/htdocs/myyiiwechatdemo/vendor/yiisoft/yii2-debug/LogTarget.php(54): yii\debug\panels\UserPanel->save()
#9 /Applications/XAMPP/xamppfiles/htdocs/myyiiwechatdemo/vendor/yiisoft/yii2-debug/LogTarget.php(118): yii\debug\LogTarget->export()
#10 /Applications/XAMPP/xamppfiles/htdocs/myyiiwechatdemo/vendor/yiisoft/yii2/log/Dispatcher.php(188): yii\debug\LogTarget->collect(Array, true)
#11 /Applications/XAMPP/xamppfiles/htdocs/myyiiwechatdemo/vendor/yiisoft/yii2/log/Logger.php(177): yii\log\Dispatcher->dispatch(Array, true)
#12 [internal function]: yii\log\Logger->flush(true)
#13 {main}
2018-05-14 17:00:32 [::1][-][5367d8f21cd0a5a8ddd2449807d33251][error][yii\base\ErrorException:2] yii\base\ErrorException: count(): Parameter must be an array or an object that implements Countable in /Applications/XAMPP/xamppfiles/htdocs/myyiiwechatdemo/vendor/yiisoft/yii2/db/QueryBuilder.php:1249
Stack trace:
#0 [internal function]: yii\base\ErrorHandler->handleError(2, 'count(): Parame...', '/Applications/X...', 1249, Array)
#1 /Applications/XAMPP/xamppfiles/htdocs/myyiiwechatdemo/vendor/yiisoft/yii2/db/QueryBuilder.php(1249): count('id')
#2 /Applications/XAMPP/xamppfiles/htdocs/myyiiwechatdemo/vendor/yiisoft/yii2/db/QueryBuilder.php(1078): yii\db\QueryBuilder->buildInCondition('IN', Array, Array)
#3 /Applications/XAMPP/xamppfiles/htdocs/myyiiwechatdemo/vendor/yiisoft/yii2/db/QueryBuilder.php(883): yii\db\QueryBuilder->buildCondition(Array, Array)
#4 /Applications/XAMPP/xamppfiles/htdocs/myyiiwechatdemo/vendor/yiisoft/yii2/db/QueryBuilder.php(344): yii\db\QueryBuilder->buildWhere(Array, Array)
#5 /Applications/XAMPP/xamppfiles/htdocs/myyiiwechatdemo/vendor/yiisoft/yii2/db/Command.php(488): yii\db\QueryBuilder->update('{{%order_messag...', Array, Array, Array)
#6 /Applications/XAMPP/xamppfiles/htdocs/myyiiwechatdemo/vendor/yiisoft/yii2/db/ActiveRecord.php(225): yii\db\Command->update('{{%order_messag...', Array, Array, Array)
#7 /Applications/XAMPP/xamppfiles/htdocs/myyiiwechatdemo/modules/mch/controllers/GetDataController.php(42): yii\db\ActiveRecord::updateAll(Array, Array)
#8 [internal function]: app\modules\mch\controllers\GetDataController->actionOrder()
#9 /Applications/XAMPP/xamppfiles/htdocs/myyiiwechatdemo/vendor/yiisoft/yii2/base/InlineAction.php(57): call_user_func_array(Array, Array)
#10 /Applications/XAMPP/xamppfiles/htdocs/myyiiwechatdemo/vendor/yiisoft/yii2/base/Controller.php(156): yii\base\InlineAction->runWithParams(Array)
#11 /Applications/XAMPP/xamppfiles/htdocs/myyiiwechatdemo/vendor/yiisoft/yii2/base/Module.php(523): yii\base\Controller->runAction('order', Array)
#12 /Applications/XAMPP/xamppfiles/htdocs/myyiiwechatdemo/vendor/yiisoft/yii2/web/Application.php(102): yii\base\Module->runAction('mch/get-data/or...', Array)
#13 /Applications/XAMPP/xamppfiles/htdocs/myyiiwechatdemo/vendor/yiisoft/yii2/base/Application.php(380): yii\web\Application->handleRequest(Object(yii\web\Request))
#14 /Applications/XAMPP/xamppfiles/htdocs/myyiiwechatdemo/web/index.php(19): yii\base\Application->run()
#15 {main}
2018-05-14 17:01:32 [::1][-][5367d8f21cd0a5a8ddd2449807d33251][error][yii\base\ErrorException:2] yii\base\ErrorException: count(): Parameter must be an array or an object that implements Countable in /Applications/XAMPP/xamppfiles/htdocs/myyiiwechatdemo/vendor/yiisoft/yii2/db/QueryBuilder.php:1249
Stack trace:
#0 [internal function]: yii\base\ErrorHandler->handleError(2, 'count(): Parame...', '/Applications/X...', 1249, Array)
#1 /Applications/XAMPP/xamppfiles/htdocs/myyiiwechatdemo/vendor/yiisoft/yii2/db/QueryBuilder.php(1249): count('id')
#2 /Applications/XAMPP/xamppfiles/htdocs/myyiiwechatdemo/vendor/yiisoft/yii2/db/QueryBuilder.php(1078): yii\db\QueryBuilder->buildInCondition('IN', Array, Array)
#3 /Applications/XAMPP/xamppfiles/htdocs/myyiiwechatdemo/vendor/yiisoft/yii2/db/QueryBuilder.php(883): yii\db\QueryBuilder->buildCondition(Array, Array)
#4 /Applications/XAMPP/xamppfiles/htdocs/myyiiwechatdemo/vendor/yiisoft/yii2/db/QueryBuilder.php(344): yii\db\QueryBuilder->buildWhere(Array, Array)
#5 /Applications/XAMPP/xamppfiles/htdocs/myyiiwechatdemo/vendor/yiisoft/yii2/db/Command.php(488): yii\db\QueryBuilder->update('{{%order_messag...', Array, Array, Array)
#6 /Applications/XAMPP/xamppfiles/htdocs/myyiiwechatdemo/vendor/yiisoft/yii2/db/ActiveRecord.php(225): yii\db\Command->update('{{%order_messag...', Array, Array, Array)
#7 /Applications/XAMPP/xamppfiles/htdocs/myyiiwechatdemo/modules/mch/controllers/GetDataController.php(42): yii\db\ActiveRecord::updateAll(Array, Array)
#8 [internal function]: app\modules\mch\controllers\GetDataController->actionOrder()
#9 /Applications/XAMPP/xamppfiles/htdocs/myyiiwechatdemo/vendor/yiisoft/yii2/base/InlineAction.php(57): call_user_func_array(Array, Array)
#10 /Applications/XAMPP/xamppfiles/htdocs/myyiiwechatdemo/vendor/yiisoft/yii2/base/Controller.php(156): yii\base\InlineAction->runWithParams(Array)
#11 /Applications/XAMPP/xamppfiles/htdocs/myyiiwechatdemo/vendor/yiisoft/yii2/base/Module.php(523): yii\base\Controller->runAction('order', Array)
#12 /Applications/XAMPP/xamppfiles/htdocs/myyiiwechatdemo/vendor/yiisoft/yii2/web/Application.php(102): yii\base\Module->runAction('mch/get-data/or...', Array)
#13 /Applications/XAMPP/xamppfiles/htdocs/myyiiwechatdemo/vendor/yiisoft/yii2/base/Application.php(380): yii\web\Application->handleRequest(Object(yii\web\Request))
#14 /Applications/XAMPP/xamppfiles/htdocs/myyiiwechatdemo/web/index.php(19): yii\base\Application->run()
#15 {main}
2018-05-14 17:02:33 [::1][-][5367d8f21cd0a5a8ddd2449807d33251][error][yii\base\ErrorException:2] yii\base\ErrorException: count(): Parameter must be an array or an object that implements Countable in /Applications/XAMPP/xamppfiles/htdocs/myyiiwechatdemo/vendor/yiisoft/yii2/db/QueryBuilder.php:1249
Stack trace:
#0 [internal function]: yii\base\ErrorHandler->handleError(2, 'count(): Parame...', '/Applications/X...', 1249, Array)
#1 /Applications/XAMPP/xamppfiles/htdocs/myyiiwechatdemo/vendor/yiisoft/yii2/db/QueryBuilder.php(1249): count('id')
#2 /Applications/XAMPP/xamppfiles/htdocs/myyiiwechatdemo/vendor/yiisoft/yii2/db/QueryBuilder.php(1078): yii\db\QueryBuilder->buildInCondition('IN', Array, Array)
#3 /Applications/XAMPP/xamppfiles/htdocs/myyiiwechatdemo/vendor/yiisoft/yii2/db/QueryBuilder.php(883): yii\db\QueryBuilder->buildCondition(Array, Array)
#4 /Applications/XAMPP/xamppfiles/htdocs/myyiiwechatdemo/vendor/yiisoft/yii2/db/QueryBuilder.php(344): yii\db\QueryBuilder->buildWhere(Array, Array)
#5 /Applications/XAMPP/xamppfiles/htdocs/myyiiwechatdemo/vendor/yiisoft/yii2/db/Command.php(488): yii\db\QueryBuilder->update('{{%order_messag...', Array, Array, Array)
#6 /Applications/XAMPP/xamppfiles/htdocs/myyiiwechatdemo/vendor/yiisoft/yii2/db/ActiveRecord.php(225): yii\db\Command->update('{{%order_messag...', Array, Array, Array)
#7 /Applications/XAMPP/xamppfiles/htdocs/myyiiwechatdemo/modules/mch/controllers/GetDataController.php(42): yii\db\ActiveRecord::updateAll(Array, Array)
#8 [internal function]: app\modules\mch\controllers\GetDataController->actionOrder()
#9 /Applications/XAMPP/xamppfiles/htdocs/myyiiwechatdemo/vendor/yiisoft/yii2/base/InlineAction.php(57): call_user_func_array(Array, Array)
#10 /Applications/XAMPP/xamppfiles/htdocs/myyiiwechatdemo/vendor/yiisoft/yii2/base/Controller.php(156): yii\base\InlineAction->runWithParams(Array)
#11 /Applications/XAMPP/xamppfiles/htdocs/myyiiwechatdemo/vendor/yiisoft/yii2/base/Module.php(523): yii\base\Controller->runAction('order', Array)
#12 /Applications/XAMPP/xamppfiles/htdocs/myyiiwechatdemo/vendor/yiisoft/yii2/web/Application.php(102): yii\base\Module->runAction('mch/get-data/or...', Array)
#13 /Applications/XAMPP/xamppfiles/htdocs/myyiiwechatdemo/vendor/yiisoft/yii2/base/Application.php(380): yii\web\Application->handleRequest(Object(yii\web\Request))
#14 /Applications/XAMPP/xamppfiles/htdocs/myyiiwechatdemo/web/index.php(19): yii\base\Application->run()
#15 {main}
2018-05-14 17:03:34 [::1][-][5367d8f21cd0a5a8ddd2449807d33251][error][yii\base\ErrorException:2] yii\base\ErrorException: count(): Parameter must be an array or an object that implements Countable in /Applications/XAMPP/xamppfiles/htdocs/myyiiwechatdemo/vendor/yiisoft/yii2/db/QueryBuilder.php:1249
Stack trace:
#0 [internal function]: yii\base\ErrorHandler->handleError(2, 'count(): Parame...', '/Applications/X...', 1249, Array)
#1 /Applications/XAMPP/xamppfiles/htdocs/myyiiwechatdemo/vendor/yiisoft/yii2/db/QueryBuilder.php(1249): count('id')
#2 /Applications/XAMPP/xamppfiles/htdocs/myyiiwechatdemo/vendor/yiisoft/yii2/db/QueryBuilder.php(1078): yii\db\QueryBuilder->buildInCondition('IN', Array, Array)
#3 /Applications/XAMPP/xamppfiles/htdocs/myyiiwechatdemo/vendor/yiisoft/yii2/db/QueryBuilder.php(883): yii\db\QueryBuilder->buildCondition(Array, Array)
#4 /Applications/XAMPP/xamppfiles/htdocs/myyiiwechatdemo/vendor/yiisoft/yii2/db/QueryBuilder.php(344): yii\db\QueryBuilder->buildWhere(Array, Array)
#5 /Applications/XAMPP/xamppfiles/htdocs/myyiiwechatdemo/vendor/yiisoft/yii2/db/Command.php(488): yii\db\QueryBuilder->update('{{%order_messag...', Array, Array, Array)
#6 /Applications/XAMPP/xamppfiles/htdocs/myyiiwechatdemo/vendor/yiisoft/yii2/db/ActiveRecord.php(225): yii\db\Command->update('{{%order_messag...', Array, Array, Array)
#7 /Applications/XAMPP/xamppfiles/htdocs/myyiiwechatdemo/modules/mch/controllers/GetDataController.php(42): yii\db\ActiveRecord::updateAll(Array, Array)
#8 [internal function]: app\modules\mch\controllers\GetDataController->actionOrder()
#9 /Applications/XAMPP/xamppfiles/htdocs/myyiiwechatdemo/vendor/yiisoft/yii2/base/InlineAction.php(57): call_user_func_array(Array, Array)
#10 /Applications/XAMPP/xamppfiles/htdocs/myyiiwechatdemo/vendor/yiisoft/yii2/base/Controller.php(156): yii\base\InlineAction->runWithParams(Array)
#11 /Applications/XAMPP/xamppfiles/htdocs/myyiiwechatdemo/vendor/yiisoft/yii2/base/Module.php(523): yii\base\Controller->runAction('order', Array)
#12 /Applications/XAMPP/xamppfiles/htdocs/myyiiwechatdemo/vendor/yiisoft/yii2/web/Application.php(102): yii\base\Module->runAction('mch/get-data/or...', Array)
#13 /Applications/XAMPP/xamppfiles/htdocs/myyiiwechatdemo/vendor/yiisoft/yii2/base/Application.php(380): yii\web\Application->handleRequest(Object(yii\web\Request))
#14 /Applications/XAMPP/xamppfiles/htdocs/myyiiwechatdemo/web/index.php(19): yii\base\Application->run()
#15 {main}
2018-05-14 17:04:35 [::1][-][5367d8f21cd0a5a8ddd2449807d33251][error][yii\base\ErrorException:2] yii\base\ErrorException: count(): Parameter must be an array or an object that implements Countable in /Applications/XAMPP/xamppfiles/htdocs/myyiiwechatdemo/vendor/yiisoft/yii2/db/QueryBuilder.php:1249
Stack trace:
#0 [internal function]: yii\base\ErrorHandler->handleError(2, 'count(): Parame...', '/Applications/X...', 1249, Array)
#1 /Applications/XAMPP/xamppfiles/htdocs/myyiiwechatdemo/vendor/yiisoft/yii2/db/QueryBuilder.php(1249): count('id')
#2 /Applications/XAMPP/xamppfiles/htdocs/myyiiwechatdemo/vendor/yiisoft/yii2/db/QueryBuilder.php(1078): yii\db\QueryBuilder->buildInCondition('IN', Array, Array)
#3 /Applications/XAMPP/xamppfiles/htdocs/myyiiwechatdemo/vendor/yiisoft/yii2/db/QueryBuilder.php(883): yii\db\QueryBuilder->buildCondition(Array, Array)
#4 /Applications/XAMPP/xamppfiles/htdocs/myyiiwechatdemo/vendor/yiisoft/yii2/db/QueryBuilder.php(344): yii\db\QueryBuilder->buildWhere(Array, Array)
#5 /Applications/XAMPP/xamppfiles/htdocs/myyiiwechatdemo/vendor/yiisoft/yii2/db/Command.php(488): yii\db\QueryBuilder->update('{{%order_messag...', Array, Array, Array)
#6 /Applications/XAMPP/xamppfiles/htdocs/myyiiwechatdemo/vendor/yiisoft/yii2/db/ActiveRecord.php(225): yii\db\Command->update('{{%order_messag...', Array, Array, Array)
#7 /Applications/XAMPP/xamppfiles/htdocs/myyiiwechatdemo/modules/mch/controllers/GetDataController.php(42): yii\db\ActiveRecord::updateAll(Array, Array)
#8 [internal function]: app\modules\mch\controllers\GetDataController->actionOrder()
#9 /Applications/XAMPP/xamppfiles/htdocs/myyiiwechatdemo/vendor/yiisoft/yii2/base/InlineAction.php(57): call_user_func_array(Array, Array)
#10 /Applications/XAMPP/xamppfiles/htdocs/myyiiwechatdemo/vendor/yiisoft/yii2/base/Controller.php(156): yii\base\InlineAction->runWithParams(Array)
#11 /Applications/XAMPP/xamppfiles/htdocs/myyiiwechatdemo/vendor/yiisoft/yii2/base/Module.php(523): yii\base\Controller->runAction('order', Array)
#12 /Applications/XAMPP/xamppfiles/htdocs/myyiiwechatdemo/vendor/yiisoft/yii2/web/Application.php(102): yii\base\Module->runAction('mch/get-data/or...', Array)
#13 /Applications/XAMPP/xamppfiles/htdocs/myyiiwechatdemo/vendor/yiisoft/yii2/base/Application.php(380): yii\web\Application->handleRequest(Object(yii\web\Request))
#14 /Applications/XAMPP/xamppfiles/htdocs/myyiiwechatdemo/web/index.php(19): yii\base\Application->run()
#15 {main}
2018-05-14 17:05:36 [::1][-][5367d8f21cd0a5a8ddd2449807d33251][error][yii\base\ErrorException:2] yii\base\ErrorException: count(): Parameter must be an array or an object that implements Countable in /Applications/XAMPP/xamppfiles/htdocs/myyiiwechatdemo/vendor/yiisoft/yii2/db/QueryBuilder.php:1249
Stack trace:
#0 [internal function]: yii\base\ErrorHandler->handleError(2, 'count(): Parame...', '/Applications/X...', 1249, Array)
#1 /Applications/XAMPP/xamppfiles/htdocs/myyiiwechatdemo/vendor/yiisoft/yii2/db/QueryBuilder.php(1249): count('id')
#2 /Applications/XAMPP/xamppfiles/htdocs/myyiiwechatdemo/vendor/yiisoft/yii2/db/QueryBuilder.php(1078): yii\db\QueryBuilder->buildInCondition('IN', Array, Array)
#3 /Applications/XAMPP/xamppfiles/htdocs/myyiiwechatdemo/vendor/yiisoft/yii2/db/QueryBuilder.php(883): yii\db\QueryBuilder->buildCondition(Array, Array)
#4 /Applications/XAMPP/xamppfiles/htdocs/myyiiwechatdemo/vendor/yiisoft/yii2/db/QueryBuilder.php(344): yii\db\QueryBuilder->buildWhere(Array, Array)
#5 /Applications/XAMPP/xamppfiles/htdocs/myyiiwechatdemo/vendor/yiisoft/yii2/db/Command.php(488): yii\db\QueryBuilder->update('{{%order_messag...', Array, Array, Array)
#6 /Applications/XAMPP/xamppfiles/htdocs/myyiiwechatdemo/vendor/yiisoft/yii2/db/ActiveRecord.php(225): yii\db\Command->update('{{%order_messag...', Array, Array, Array)
#7 /Applications/XAMPP/xamppfiles/htdocs/myyiiwechatdemo/modules/mch/controllers/GetDataController.php(42): yii\db\ActiveRecord::updateAll(Array, Array)
#8 [internal function]: app\modules\mch\controllers\GetDataController->actionOrder()
#9 /Applications/XAMPP/xamppfiles/htdocs/myyiiwechatdemo/vendor/yiisoft/yii2/base/InlineAction.php(57): call_user_func_array(Array, Array)
#10 /Applications/XAMPP/xamppfiles/htdocs/myyiiwechatdemo/vendor/yiisoft/yii2/base/Controller.php(156): yii\base\InlineAction->runWithParams(Array)
#11 /Applications/XAMPP/xamppfiles/htdocs/myyiiwechatdemo/vendor/yiisoft/yii2/base/Module.php(523): yii\base\Controller->runAction('order', Array)
#12 /Applications/XAMPP/xamppfiles/htdocs/myyiiwechatdemo/vendor/yiisoft/yii2/web/Application.php(102): yii\base\Module->runAction('mch/get-data/or...', Array)
#13 /Applications/XAMPP/xamppfiles/htdocs/myyiiwechatdemo/vendor/yiisoft/yii2/base/Application.php(380): yii\web\Application->handleRequest(Object(yii\web\Request))
#14 /Applications/XAMPP/xamppfiles/htdocs/myyiiwechatdemo/web/index.php(19): yii\base\Application->run()
#15 {main}
2018-05-14 17:06:37 [::1][-][5367d8f21cd0a5a8ddd2449807d33251][error][yii\base\ErrorException:2] yii\base\ErrorException: count(): Parameter must be an array or an object that implements Countable in /Applications/XAMPP/xamppfiles/htdocs/myyiiwechatdemo/vendor/yiisoft/yii2/db/QueryBuilder.php:1249
Stack trace:
#0 [internal function]: yii\base\ErrorHandler->handleError(2, 'count(): Parame...', '/Applications/X...', 1249, Array)
#1 /Applications/XAMPP/xamppfiles/htdocs/myyiiwechatdemo/vendor/yiisoft/yii2/db/QueryBuilder.php(1249): count('id')
#2 /Applications/XAMPP/xamppfiles/htdocs/myyiiwechatdemo/vendor/yiisoft/yii2/db/QueryBuilder.php(1078): yii\db\QueryBuilder->buildInCondition('IN', Array, Array)
#3 /Applications/XAMPP/xamppfiles/htdocs/myyiiwechatdemo/vendor/yiisoft/yii2/db/QueryBuilder.php(883): yii\db\QueryBuilder->buildCondition(Array, Array)
#4 /Applications/XAMPP/xamppfiles/htdocs/myyiiwechatdemo/vendor/yiisoft/yii2/db/QueryBuilder.php(344): yii\db\QueryBuilder->buildWhere(Array, Array)
#5 /Applications/XAMPP/xamppfiles/htdocs/myyiiwechatdemo/vendor/yiisoft/yii2/db/Command.php(488): yii\db\QueryBuilder->update('{{%order_messag...', Array, Array, Array)
#6 /Applications/XAMPP/xamppfiles/htdocs/myyiiwechatdemo/vendor/yiisoft/yii2/db/ActiveRecord.php(225): yii\db\Command->update('{{%order_messag...', Array, Array, Array)
#7 /Applications/XAMPP/xamppfiles/htdocs/myyiiwechatdemo/modules/mch/controllers/GetDataController.php(42): yii\db\ActiveRecord::updateAll(Array, Array)
#8 [internal function]: app\modules\mch\controllers\GetDataController->actionOrder()
#9 /Applications/XAMPP/xamppfiles/htdocs/myyiiwechatdemo/vendor/yiisoft/yii2/base/InlineAction.php(57): call_user_func_array(Array, Array)
#10 /Applications/XAMPP/xamppfiles/htdocs/myyiiwechatdemo/vendor/yiisoft/yii2/base/Controller.php(156): yii\base\InlineAction->runWithParams(Array)
#11 /Applications/XAMPP/xamppfiles/htdocs/myyiiwechatdemo/vendor/yiisoft/yii2/base/Module.php(523): yii\base\Controller->runAction('order', Array)
#12 /Applications/XAMPP/xamppfiles/htdocs/myyiiwechatdemo/vendor/yiisoft/yii2/web/Application.php(102): yii\base\Module->runAction('mch/get-data/or...', Array)
#13 /Applications/XAMPP/xamppfiles/htdocs/myyiiwechatdemo/vendor/yiisoft/yii2/base/Application.php(380): yii\web\Application->handleRequest(Object(yii\web\Request))
#14 /Applications/XAMPP/xamppfiles/htdocs/myyiiwechatdemo/web/index.php(19): yii\base\Application->run()
#15 {main}
2018-05-14 17:07:38 [::1][-][5367d8f21cd0a5a8ddd2449807d33251][error][yii\base\ErrorException:2] yii\base\ErrorException: count(): Parameter must be an array or an object that implements Countable in /Applications/XAMPP/xamppfiles/htdocs/myyiiwechatdemo/vendor/yiisoft/yii2/db/QueryBuilder.php:1249
Stack trace:
#0 [internal function]: yii\base\ErrorHandler->handleError(2, 'count(): Parame...', '/Applications/X...', 1249, Array)
#1 /Applications/XAMPP/xamppfiles/htdocs/myyiiwechatdemo/vendor/yiisoft/yii2/db/QueryBuilder.php(1249): count('id')
#2 /Applications/XAMPP/xamppfiles/htdocs/myyiiwechatdemo/vendor/yiisoft/yii2/db/QueryBuilder.php(1078): yii\db\QueryBuilder->buildInCondition('IN', Array, Array)
#3 /Applications/XAMPP/xamppfiles/htdocs/myyiiwechatdemo/vendor/yiisoft/yii2/db/QueryBuilder.php(883): yii\db\QueryBuilder->buildCondition(Array, Array)
#4 /Applications/XAMPP/xamppfiles/htdocs/myyiiwechatdemo/vendor/yiisoft/yii2/db/QueryBuilder.php(344): yii\db\QueryBuilder->buildWhere(Array, Array)
#5 /Applications/XAMPP/xamppfiles/htdocs/myyiiwechatdemo/vendor/yiisoft/yii2/db/Command.php(488): yii\db\QueryBuilder->update('{{%order_messag...', Array, Array, Array)
#6 /Applications/XAMPP/xamppfiles/htdocs/myyiiwechatdemo/vendor/yiisoft/yii2/db/ActiveRecord.php(225): yii\db\Command->update('{{%order_messag...', Array, Array, Array)
#7 /Applications/XAMPP/xamppfiles/htdocs/myyiiwechatdemo/modules/mch/controllers/GetDataController.php(42): yii\db\ActiveRecord::updateAll(Array, Array)
#8 [internal function]: app\modules\mch\controllers\GetDataController->actionOrder()
#9 /Applications/XAMPP/xamppfiles/htdocs/myyiiwechatdemo/vendor/yiisoft/yii2/base/InlineAction.php(57): call_user_func_array(Array, Array)
#10 /Applications/XAMPP/xamppfiles/htdocs/myyiiwechatdemo/vendor/yiisoft/yii2/base/Controller.php(156): yii\base\InlineAction->runWithParams(Array)
#11 /Applications/XAMPP/xamppfiles/htdocs/myyiiwechatdemo/vendor/yiisoft/yii2/base/Module.php(523): yii\base\Controller->runAction('order', Array)
#12 /Applications/XAMPP/xamppfiles/htdocs/myyiiwechatdemo/vendor/yiisoft/yii2/web/Application.php(102): yii\base\Module->runAction('mch/get-data/or...', Array)
#13 /Applications/XAMPP/xamppfiles/htdocs/myyiiwechatdemo/vendor/yiisoft/yii2/base/Application.php(380): yii\web\Application->handleRequest(Object(yii\web\Request))
#14 /Applications/XAMPP/xamppfiles/htdocs/myyiiwechatdemo/web/index.php(19): yii\base\Application->run()
#15 {main}
2018-05-14 17:08:39 [::1][-][5367d8f21cd0a5a8ddd2449807d33251][error][yii\base\ErrorException:2] yii\base\ErrorException: count(): Parameter must be an array or an object that implements Countable in /Applications/XAMPP/xamppfiles/htdocs/myyiiwechatdemo/vendor/yiisoft/yii2/db/QueryBuilder.php:1249
Stack trace:
#0 [internal function]: yii\base\ErrorHandler->handleError(2, 'count(): Parame...', '/Applications/X...', 1249, Array)
#1 /Applications/XAMPP/xamppfiles/htdocs/myyiiwechatdemo/vendor/yiisoft/yii2/db/QueryBuilder.php(1249): count('id')
#2 /Applications/XAMPP/xamppfiles/htdocs/myyiiwechatdemo/vendor/yiisoft/yii2/db/QueryBuilder.php(1078): yii\db\QueryBuilder->buildInCondition('IN', Array, Array)
#3 /Applications/XAMPP/xamppfiles/htdocs/myyiiwechatdemo/vendor/yiisoft/yii2/db/QueryBuilder.php(883): yii\db\QueryBuilder->buildCondition(Array, Array)
#4 /Applications/XAMPP/xamppfiles/htdocs/myyiiwechatdemo/vendor/yiisoft/yii2/db/QueryBuilder.php(344): yii\db\QueryBuilder->buildWhere(Array, Array)
#5 /Applications/XAMPP/xamppfiles/htdocs/myyiiwechatdemo/vendor/yiisoft/yii2/db/Command.php(488): yii\db\QueryBuilder->update('{{%order_messag...', Array, Array, Array)
#6 /Applications/XAMPP/xamppfiles/htdocs/myyiiwechatdemo/vendor/yiisoft/yii2/db/ActiveRecord.php(225): yii\db\Command->update('{{%order_messag...', Array, Array, Array)
#7 /Applications/XAMPP/xamppfiles/htdocs/myyiiwechatdemo/modules/mch/controllers/GetDataController.php(42): yii\db\ActiveRecord::updateAll(Array, Array)
#8 [internal function]: app\modules\mch\controllers\GetDataController->actionOrder()
#9 /Applications/XAMPP/xamppfiles/htdocs/myyiiwechatdemo/vendor/yiisoft/yii2/base/InlineAction.php(57): call_user_func_array(Array, Array)
#10 /Applications/XAMPP/xamppfiles/htdocs/myyiiwechatdemo/vendor/yiisoft/yii2/base/Controller.php(156): yii\base\InlineAction->runWithParams(Array)
#11 /Applications/XAMPP/xamppfiles/htdocs/myyiiwechatdemo/vendor/yiisoft/yii2/base/Module.php(523): yii\base\Controller->runAction('order', Array)
#12 /Applications/XAMPP/xamppfiles/htdocs/myyiiwechatdemo/vendor/yiisoft/yii2/web/Application.php(102): yii\base\Module->runAction('mch/get-data/or...', Array)
#13 /Applications/XAMPP/xamppfiles/htdocs/myyiiwechatdemo/vendor/yiisoft/yii2/base/Application.php(380): yii\web\Application->handleRequest(Object(yii\web\Request))
#14 /Applications/XAMPP/xamppfiles/htdocs/myyiiwechatdemo/web/index.php(19): yii\base\Application->run()
#15 {main}
2018-05-14 17:09:40 [::1][-][5367d8f21cd0a5a8ddd2449807d33251][error][yii\base\ErrorException:2] yii\base\ErrorException: count(): Parameter must be an array or an object that implements Countable in /Applications/XAMPP/xamppfiles/htdocs/myyiiwechatdemo/vendor/yiisoft/yii2/db/QueryBuilder.php:1249
Stack trace:
#0 [internal function]: yii\base\ErrorHandler->handleError(2, 'count(): Parame...', '/Applications/X...', 1249, Array)
#1 /Applications/XAMPP/xamppfiles/htdocs/myyiiwechatdemo/vendor/yiisoft/yii2/db/QueryBuilder.php(1249): count('id')
#2 /Applications/XAMPP/xamppfiles/htdocs/myyiiwechatdemo/vendor/yiisoft/yii2/db/QueryBuilder.php(1078): yii\db\QueryBuilder->buildInCondition('IN', Array, Array)
#3 /Applications/XAMPP/xamppfiles/htdocs/myyiiwechatdemo/vendor/yiisoft/yii2/db/QueryBuilder.php(883): yii\db\QueryBuilder->buildCondition(Array, Array)
#4 /Applications/XAMPP/xamppfiles/htdocs/myyiiwechatdemo/vendor/yiisoft/yii2/db/QueryBuilder.php(344): yii\db\QueryBuilder->buildWhere(Array, Array)
#5 /Applications/XAMPP/xamppfiles/htdocs/myyiiwechatdemo/vendor/yiisoft/yii2/db/Command.php(488): yii\db\QueryBuilder->update('{{%order_messag...', Array, Array, Array)
#6 /Applications/XAMPP/xamppfiles/htdocs/myyiiwechatdemo/vendor/yiisoft/yii2/db/ActiveRecord.php(225): yii\db\Command->update('{{%order_messag...', Array, Array, Array)
#7 /Applications/XAMPP/xamppfiles/htdocs/myyiiwechatdemo/modules/mch/controllers/GetDataController.php(42): yii\db\ActiveRecord::updateAll(Array, Array)
#8 [internal function]: app\modules\mch\controllers\GetDataController->actionOrder()
#9 /Applications/XAMPP/xamppfiles/htdocs/myyiiwechatdemo/vendor/yiisoft/yii2/base/InlineAction.php(57): call_user_func_array(Array, Array)
#10 /Applications/XAMPP/xamppfiles/htdocs/myyiiwechatdemo/vendor/yiisoft/yii2/base/Controller.php(156): yii\base\InlineAction->runWithParams(Array)
#11 /Applications/XAMPP/xamppfiles/htdocs/myyiiwechatdemo/vendor/yiisoft/yii2/base/Module.php(523): yii\base\Controller->runAction('order', Array)
#12 /Applications/XAMPP/xamppfiles/htdocs/myyiiwechatdemo/vendor/yiisoft/yii2/web/Application.php(102): yii\base\Module->runAction('mch/get-data/or...', Array)
#13 /Applications/XAMPP/xamppfiles/htdocs/myyiiwechatdemo/vendor/yiisoft/yii2/base/Application.php(380): yii\web\Application->handleRequest(Object(yii\web\Request))
#14 /Applications/XAMPP/xamppfiles/htdocs/myyiiwechatdemo/web/index.php(19): yii\base\Application->run()
#15 {main}
2018-05-14 17:10:41 [::1][-][5367d8f21cd0a5a8ddd2449807d33251][error][yii\base\ErrorException:2] yii\base\ErrorException: count(): Parameter must be an array or an object that implements Countable in /Applications/XAMPP/xamppfiles/htdocs/myyiiwechatdemo/vendor/yiisoft/yii2/db/QueryBuilder.php:1249
Stack trace:
#0 [internal function]: yii\base\ErrorHandler->handleError(2, 'count(): Parame...', '/Applications/X...', 1249, Array)
#1 /Applications/XAMPP/xamppfiles/htdocs/myyiiwechatdemo/vendor/yiisoft/yii2/db/QueryBuilder.php(1249): count('id')
#2 /Applications/XAMPP/xamppfiles/htdocs/myyiiwechatdemo/vendor/yiisoft/yii2/db/QueryBuilder.php(1078): yii\db\QueryBuilder->buildInCondition('IN', Array, Array)
#3 /Applications/XAMPP/xamppfiles/htdocs/myyiiwechatdemo/vendor/yiisoft/yii2/db/QueryBuilder.php(883): yii\db\QueryBuilder->buildCondition(Array, Array)
#4 /Applications/XAMPP/xamppfiles/htdocs/myyiiwechatdemo/vendor/yiisoft/yii2/db/QueryBuilder.php(344): yii\db\QueryBuilder->buildWhere(Array, Array)
#5 /Applications/XAMPP/xamppfiles/htdocs/myyiiwechatdemo/vendor/yiisoft/yii2/db/Command.php(488): yii\db\QueryBuilder->update('{{%order_messag...', Array, Array, Array)
#6 /Applications/XAMPP/xamppfiles/htdocs/myyiiwechatdemo/vendor/yiisoft/yii2/db/ActiveRecord.php(225): yii\db\Command->update('{{%order_messag...', Array, Array, Array)
#7 /Applications/XAMPP/xamppfiles/htdocs/myyiiwechatdemo/modules/mch/controllers/GetDataController.php(42): yii\db\ActiveRecord::updateAll(Array, Array)
#8 [internal function]: app\modules\mch\controllers\GetDataController->actionOrder()
#9 /Applications/XAMPP/xamppfiles/htdocs/myyiiwechatdemo/vendor/yiisoft/yii2/base/InlineAction.php(57): call_user_func_array(Array, Array)
#10 /Applications/XAMPP/xamppfiles/htdocs/myyiiwechatdemo/vendor/yiisoft/yii2/base/Controller.php(156): yii\base\InlineAction->runWithParams(Array)
#11 /Applications/XAMPP/xamppfiles/htdocs/myyiiwechatdemo/vendor/yiisoft/yii2/base/Module.php(523): yii\base\Controller->runAction('order', Array)
#12 /Applications/XAMPP/xamppfiles/htdocs/myyiiwechatdemo/vendor/yiisoft/yii2/web/Application.php(102): yii\base\Module->runAction('mch/get-data/or...', Array)
#13 /Applications/XAMPP/xamppfiles/htdocs/myyiiwechatdemo/vendor/yiisoft/yii2/base/Application.php(380): yii\web\Application->handleRequest(Object(yii\web\Request))
#14 /Applications/XAMPP/xamppfiles/htdocs/myyiiwechatdemo/web/index.php(19): yii\base\Application->run()
#15 {main}
2018-05-14 17:11:42 [::1][-][5367d8f21cd0a5a8ddd2449807d33251][error][yii\base\ErrorException:2] yii\base\ErrorException: count(): Parameter must be an array or an object that implements Countable in /Applications/XAMPP/xamppfiles/htdocs/myyiiwechatdemo/vendor/yiisoft/yii2/db/QueryBuilder.php:1249
Stack trace:
#0 [internal function]: yii\base\ErrorHandler->handleError(2, 'count(): Parame...', '/Applications/X...', 1249, Array)
#1 /Applications/XAMPP/xamppfiles/htdocs/myyiiwechatdemo/vendor/yiisoft/yii2/db/QueryBuilder.php(1249): count('id')
#2 /Applications/XAMPP/xamppfiles/htdocs/myyiiwechatdemo/vendor/yiisoft/yii2/db/QueryBuilder.php(1078): yii\db\QueryBuilder->buildInCondition('IN', Array, Array)
#3 /Applications/XAMPP/xamppfiles/htdocs/myyiiwechatdemo/vendor/yiisoft/yii2/db/QueryBuilder.php(883): yii\db\QueryBuilder->buildCondition(Array, Array)
#4 /Applications/XAMPP/xamppfiles/htdocs/myyiiwechatdemo/vendor/yiisoft/yii2/db/QueryBuilder.php(344): yii\db\QueryBuilder->buildWhere(Array, Array)
#5 /Applications/XAMPP/xamppfiles/htdocs/myyiiwechatdemo/vendor/yiisoft/yii2/db/Command.php(488): yii\db\QueryBuilder->update('{{%order_messag...', Array, Array, Array)
#6 /Applications/XAMPP/xamppfiles/htdocs/myyiiwechatdemo/vendor/yiisoft/yii2/db/ActiveRecord.php(225): yii\db\Command->update('{{%order_messag...', Array, Array, Array)
#7 /Applications/XAMPP/xamppfiles/htdocs/myyiiwechatdemo/modules/mch/controllers/GetDataController.php(42): yii\db\ActiveRecord::updateAll(Array, Array)
#8 [internal function]: app\modules\mch\controllers\GetDataController->actionOrder()
#9 /Applications/XAMPP/xamppfiles/htdocs/myyiiwechatdemo/vendor/yiisoft/yii2/base/InlineAction.php(57): call_user_func_array(Array, Array)
#10 /Applications/XAMPP/xamppfiles/htdocs/myyiiwechatdemo/vendor/yiisoft/yii2/base/Controller.php(156): yii\base\InlineAction->runWithParams(Array)
#11 /Applications/XAMPP/xamppfiles/htdocs/myyiiwechatdemo/vendor/yiisoft/yii2/base/Module.php(523): yii\base\Controller->runAction('order', Array)
#12 /Applications/XAMPP/xamppfiles/htdocs/myyiiwechatdemo/vendor/yiisoft/yii2/web/Application.php(102): yii\base\Module->runAction('mch/get-data/or...', Array)
#13 /Applications/XAMPP/xamppfiles/htdocs/myyiiwechatdemo/vendor/yiisoft/yii2/base/Application.php(380): yii\web\Application->handleRequest(Object(yii\web\Request))
#14 /Applications/XAMPP/xamppfiles/htdocs/myyiiwechatdemo/web/index.php(19): yii\base\Application->run()
#15 {main}
2018-05-14 17:12:43 [::1][-][5367d8f21cd0a5a8ddd2449807d33251][error][yii\base\ErrorException:2] yii\base\ErrorException: count(): Parameter must be an array or an object that implements Countable in /Applications/XAMPP/xamppfiles/htdocs/myyiiwechatdemo/vendor/yiisoft/yii2/db/QueryBuilder.php:1249
Stack trace:
#0 [internal function]: yii\base\ErrorHandler->handleError(2, 'count(): Parame...', '/Applications/X...', 1249, Array)
#1 /Applications/XAMPP/xamppfiles/htdocs/myyiiwechatdemo/vendor/yiisoft/yii2/db/QueryBuilder.php(1249): count('id')
#2 /Applications/XAMPP/xamppfiles/htdocs/myyiiwechatdemo/vendor/yiisoft/yii2/db/QueryBuilder.php(1078): yii\db\QueryBuilder->buildInCondition('IN', Array, Array)
#3 /Applications/XAMPP/xamppfiles/htdocs/myyiiwechatdemo/vendor/yiisoft/yii2/db/QueryBuilder.php(883): yii\db\QueryBuilder->buildCondition(Array, Array)
#4 /Applications/XAMPP/xamppfiles/htdocs/myyiiwechatdemo/vendor/yiisoft/yii2/db/QueryBuilder.php(344): yii\db\QueryBuilder->buildWhere(Array, Array)
#5 /Applications/XAMPP/xamppfiles/htdocs/myyiiwechatdemo/vendor/yiisoft/yii2/db/Command.php(488): yii\db\QueryBuilder->update('{{%order_messag...', Array, Array, Array)
#6 /Applications/XAMPP/xamppfiles/htdocs/myyiiwechatdemo/vendor/yiisoft/yii2/db/ActiveRecord.php(225): yii\db\Command->update('{{%order_messag...', Array, Array, Array)
#7 /Applications/XAMPP/xamppfiles/htdocs/myyiiwechatdemo/modules/mch/controllers/GetDataController.php(42): yii\db\ActiveRecord::updateAll(Array, Array)
#8 [internal function]: app\modules\mch\controllers\GetDataController->actionOrder()
#9 /Applications/XAMPP/xamppfiles/htdocs/myyiiwechatdemo/vendor/yiisoft/yii2/base/InlineAction.php(57): call_user_func_array(Array, Array)
#10 /Applications/XAMPP/xamppfiles/htdocs/myyiiwechatdemo/vendor/yiisoft/yii2/base/Controller.php(156): yii\base\InlineAction->runWithParams(Array)
#11 /Applications/XAMPP/xamppfiles/htdocs/myyiiwechatdemo/vendor/yiisoft/yii2/base/Module.php(523): yii\base\Controller->runAction('order', Array)
#12 /Applications/XAMPP/xamppfiles/htdocs/myyiiwechatdemo/vendor/yiisoft/yii2/web/Application.php(102): yii\base\Module->runAction('mch/get-data/or...', Array)
#13 /Applications/XAMPP/xamppfiles/htdocs/myyiiwechatdemo/vendor/yiisoft/yii2/base/Application.php(380): yii\web\Application->handleRequest(Object(yii\web\Request))
#14 /Applications/XAMPP/xamppfiles/htdocs/myyiiwechatdemo/web/index.php(19): yii\base\Application->run()
#15 {main}
2018-05-14 17:13:44 [::1][-][5367d8f21cd0a5a8ddd2449807d33251][error][yii\base\ErrorException:2] yii\base\ErrorException: count(): Parameter must be an array or an object that implements Countable in /Applications/XAMPP/xamppfiles/htdocs/myyiiwechatdemo/vendor/yiisoft/yii2/db/QueryBuilder.php:1249
Stack trace:
#0 [internal function]: yii\base\ErrorHandler->handleError(2, 'count(): Parame...', '/Applications/X...', 1249, Array)
#1 /Applications/XAMPP/xamppfiles/htdocs/myyiiwechatdemo/vendor/yiisoft/yii2/db/QueryBuilder.php(1249): count('id')
#2 /Applications/XAMPP/xamppfiles/htdocs/myyiiwechatdemo/vendor/yiisoft/yii2/db/QueryBuilder.php(1078): yii\db\QueryBuilder->buildInCondition('IN', Array, Array)
#3 /Applications/XAMPP/xamppfiles/htdocs/myyiiwechatdemo/vendor/yiisoft/yii2/db/QueryBuilder.php(883): yii\db\QueryBuilder->buildCondition(Array, Array)
#4 /Applications/XAMPP/xamppfiles/htdocs/myyiiwechatdemo/vendor/yiisoft/yii2/db/QueryBuilder.php(344): yii\db\QueryBuilder->buildWhere(Array, Array)
#5 /Applications/XAMPP/xamppfiles/htdocs/myyiiwechatdemo/vendor/yiisoft/yii2/db/Command.php(488): yii\db\QueryBuilder->update('{{%order_messag...', Array, Array, Array)
#6 /Applications/XAMPP/xamppfiles/htdocs/myyiiwechatdemo/vendor/yiisoft/yii2/db/ActiveRecord.php(225): yii\db\Command->update('{{%order_messag...', Array, Array, Array)
#7 /Applications/XAMPP/xamppfiles/htdocs/myyiiwechatdemo/modules/mch/controllers/GetDataController.php(42): yii\db\ActiveRecord::updateAll(Array, Array)
#8 [internal function]: app\modules\mch\controllers\GetDataController->actionOrder()
#9 /Applications/XAMPP/xamppfiles/htdocs/myyiiwechatdemo/vendor/yiisoft/yii2/base/InlineAction.php(57): call_user_func_array(Array, Array)
#10 /Applications/XAMPP/xamppfiles/htdocs/myyiiwechatdemo/vendor/yiisoft/yii2/base/Controller.php(156): yii\base\InlineAction->runWithParams(Array)
#11 /Applications/XAMPP/xamppfiles/htdocs/myyiiwechatdemo/vendor/yiisoft/yii2/base/Module.php(523): yii\base\Controller->runAction('order', Array)
#12 /Applications/XAMPP/xamppfiles/htdocs/myyiiwechatdemo/vendor/yiisoft/yii2/web/Application.php(102): yii\base\Module->runAction('mch/get-data/or...', Array)
#13 /Applications/XAMPP/xamppfiles/htdocs/myyiiwechatdemo/vendor/yiisoft/yii2/base/Application.php(380): yii\web\Application->handleRequest(Object(yii\web\Request))
#14 /Applications/XAMPP/xamppfiles/htdocs/myyiiwechatdemo/web/index.php(19): yii\base\Application->run()
#15 {main}
2018-05-14 17:14:45 [::1][-][5367d8f21cd0a5a8ddd2449807d33251][error][yii\base\ErrorException:2] yii\base\ErrorException: count(): Parameter must be an array or an object that implements Countable in /Applications/XAMPP/xamppfiles/htdocs/myyiiwechatdemo/vendor/yiisoft/yii2/db/QueryBuilder.php:1249
Stack trace:
#0 [internal function]: yii\base\ErrorHandler->handleError(2, 'count(): Parame...', '/Applications/X...', 1249, Array)
#1 /Applications/XAMPP/xamppfiles/htdocs/myyiiwechatdemo/vendor/yiisoft/yii2/db/QueryBuilder.php(1249): count('id')
#2 /Applications/XAMPP/xamppfiles/htdocs/myyiiwechatdemo/vendor/yiisoft/yii2/db/QueryBuilder.php(1078): yii\db\QueryBuilder->buildInCondition('IN', Array, Array)
#3 /Applications/XAMPP/xamppfiles/htdocs/myyiiwechatdemo/vendor/yiisoft/yii2/db/QueryBuilder.php(883): yii\db\QueryBuilder->buildCondition(Array, Array)
#4 /Applications/XAMPP/xamppfiles/htdocs/myyiiwechatdemo/vendor/yiisoft/yii2/db/QueryBuilder.php(344): yii\db\QueryBuilder->buildWhere(Array, Array)
#5 /Applications/XAMPP/xamppfiles/htdocs/myyiiwechatdemo/vendor/yiisoft/yii2/db/Command.php(488): yii\db\QueryBuilder->update('{{%order_messag...', Array, Array, Array)
#6 /Applications/XAMPP/xamppfiles/htdocs/myyiiwechatdemo/vendor/yiisoft/yii2/db/ActiveRecord.php(225): yii\db\Command->update('{{%order_messag...', Array, Array, Array)
#7 /Applications/XAMPP/xamppfiles/htdocs/myyiiwechatdemo/modules/mch/controllers/GetDataController.php(42): yii\db\ActiveRecord::updateAll(Array, Array)
#8 [internal function]: app\modules\mch\controllers\GetDataController->actionOrder()
#9 /Applications/XAMPP/xamppfiles/htdocs/myyiiwechatdemo/vendor/yiisoft/yii2/base/InlineAction.php(57): call_user_func_array(Array, Array)
#10 /Applications/XAMPP/xamppfiles/htdocs/myyiiwechatdemo/vendor/yiisoft/yii2/base/Controller.php(156): yii\base\InlineAction->runWithParams(Array)
#11 /Applications/XAMPP/xamppfiles/htdocs/myyiiwechatdemo/vendor/yiisoft/yii2/base/Module.php(523): yii\base\Controller->runAction('order', Array)
#12 /Applications/XAMPP/xamppfiles/htdocs/myyiiwechatdemo/vendor/yiisoft/yii2/web/Application.php(102): yii\base\Module->runAction('mch/get-data/or...', Array)
#13 /Applications/XAMPP/xamppfiles/htdocs/myyiiwechatdemo/vendor/yiisoft/yii2/base/Application.php(380): yii\web\Application->handleRequest(Object(yii\web\Request))
#14 /Applications/XAMPP/xamppfiles/htdocs/myyiiwechatdemo/web/index.php(19): yii\base\Application->run()
#15 {main}
2018-05-15 18:51:26 [::1][-][-][warning][yii\log\Dispatcher::dispatch] Unable to send log via yii\debug\LogTarget: PHP Warning 'yii\base\ErrorException' with message 'session_set_cookie_params(): Cannot change session cookie parameters when headers already sent' 

in /Applications/XAMPP/xamppfiles/htdocs/myyiiwechatdemo/vendor/yiisoft/yii2/web/Session.php:381

Stack trace:
#0 [internal function]: yii\base\ErrorHandler->handleError(2, 'session_set_coo...', '/Applications/X...', 381, Array)
#1 /Applications/XAMPP/xamppfiles/htdocs/myyiiwechatdemo/vendor/yiisoft/yii2/web/Session.php(381): session_set_cookie_params(0, '/', '', false, true)
#2 /Applications/XAMPP/xamppfiles/htdocs/myyiiwechatdemo/vendor/yiisoft/yii2/web/Session.php(130): yii\web\Session->setCookieParamsInternal()
#3 /Applications/XAMPP/xamppfiles/htdocs/myyiiwechatdemo/vendor/yiisoft/yii2/web/Session.php(596): yii\web\Session->open()
#4 /Applications/XAMPP/xamppfiles/htdocs/myyiiwechatdemo/vendor/yiisoft/yii2/web/User.php(650): yii\web\Session->get('__id')
#5 /Applications/XAMPP/xamppfiles/htdocs/myyiiwechatdemo/vendor/yiisoft/yii2/web/User.php(188): yii\web\User->renewAuthStatus()
#6 /Applications/XAMPP/xamppfiles/htdocs/myyiiwechatdemo/vendor/yiisoft/yii2/base/Component.php(132): yii\web\User->getIdentity()
#7 /Applications/XAMPP/xamppfiles/htdocs/myyiiwechatdemo/vendor/yiisoft/yii2-debug/panels/UserPanel.php(54): yii\base\Component->__get('identity')
#8 /Applications/XAMPP/xamppfiles/htdocs/myyiiwechatdemo/vendor/yiisoft/yii2-debug/LogTarget.php(54): yii\debug\panels\UserPanel->save()
#9 /Applications/XAMPP/xamppfiles/htdocs/myyiiwechatdemo/vendor/yiisoft/yii2-debug/LogTarget.php(118): yii\debug\LogTarget->export()
#10 /Applications/XAMPP/xamppfiles/htdocs/myyiiwechatdemo/vendor/yiisoft/yii2/log/Dispatcher.php(188): yii\debug\LogTarget->collect(Array, true)
#11 /Applications/XAMPP/xamppfiles/htdocs/myyiiwechatdemo/vendor/yiisoft/yii2/log/Logger.php(177): yii\log\Dispatcher->dispatch(Array, true)
#12 [internal function]: yii\log\Logger->flush(true)
#13 {main}
2018-05-15 18:51:31 [::1][-][5367d8f21cd0a5a8ddd2449807d33251][error][yii\base\ErrorException:2] yii\base\ErrorException: count(): Parameter must be an array or an object that implements Countable in /Applications/XAMPP/xamppfiles/htdocs/myyiiwechatdemo/vendor/yiisoft/yii2/db/QueryBuilder.php:1249
Stack trace:
#0 [internal function]: yii\base\ErrorHandler->handleError(2, 'count(): Parame...', '/Applications/X...', 1249, Array)
#1 /Applications/XAMPP/xamppfiles/htdocs/myyiiwechatdemo/vendor/yiisoft/yii2/db/QueryBuilder.php(1249): count('id')
#2 /Applications/XAMPP/xamppfiles/htdocs/myyiiwechatdemo/vendor/yiisoft/yii2/db/QueryBuilder.php(1078): yii\db\QueryBuilder->buildInCondition('IN', Array, Array)
#3 /Applications/XAMPP/xamppfiles/htdocs/myyiiwechatdemo/vendor/yiisoft/yii2/db/QueryBuilder.php(883): yii\db\QueryBuilder->buildCondition(Array, Array)
#4 /Applications/XAMPP/xamppfiles/htdocs/myyiiwechatdemo/vendor/yiisoft/yii2/db/QueryBuilder.php(344): yii\db\QueryBuilder->buildWhere(Array, Array)
#5 /Applications/XAMPP/xamppfiles/htdocs/myyiiwechatdemo/vendor/yiisoft/yii2/db/Command.php(488): yii\db\QueryBuilder->update('{{%order_messag...', Array, Array, Array)
#6 /Applications/XAMPP/xamppfiles/htdocs/myyiiwechatdemo/vendor/yiisoft/yii2/db/ActiveRecord.php(225): yii\db\Command->update('{{%order_messag...', Array, Array, Array)
#7 /Applications/XAMPP/xamppfiles/htdocs/myyiiwechatdemo/modules/mch/controllers/GetDataController.php(42): yii\db\ActiveRecord::updateAll(Array, Array)
#8 [internal function]: app\modules\mch\controllers\GetDataController->actionOrder()
#9 /Applications/XAMPP/xamppfiles/htdocs/myyiiwechatdemo/vendor/yiisoft/yii2/base/InlineAction.php(57): call_user_func_array(Array, Array)
#10 /Applications/XAMPP/xamppfiles/htdocs/myyiiwechatdemo/vendor/yiisoft/yii2/base/Controller.php(156): yii\base\InlineAction->runWithParams(Array)
#11 /Applications/XAMPP/xamppfiles/htdocs/myyiiwechatdemo/vendor/yiisoft/yii2/base/Module.php(523): yii\base\Controller->runAction('order', Array)
#12 /Applications/XAMPP/xamppfiles/htdocs/myyiiwechatdemo/vendor/yiisoft/yii2/web/Application.php(102): yii\base\Module->runAction('mch/get-data/or...', Array)
#13 /Applications/XAMPP/xamppfiles/htdocs/myyiiwechatdemo/vendor/yiisoft/yii2/base/Application.php(380): yii\web\Application->handleRequest(Object(yii\web\Request))
#14 /Applications/XAMPP/xamppfiles/htdocs/myyiiwechatdemo/web/index.php(19): yii\base\Application->run()
#15 {main}
2018-05-15 18:52:29 [::1][-][5367d8f21cd0a5a8ddd2449807d33251][error][yii\base\ErrorException:2] yii\base\ErrorException: count(): Parameter must be an array or an object that implements Countable in /Applications/XAMPP/xamppfiles/htdocs/myyiiwechatdemo/vendor/yiisoft/yii2/db/QueryBuilder.php:1249
Stack trace:
#0 [internal function]: yii\base\ErrorHandler->handleError(2, 'count(): Parame...', '/Applications/X...', 1249, Array)
#1 /Applications/XAMPP/xamppfiles/htdocs/myyiiwechatdemo/vendor/yiisoft/yii2/db/QueryBuilder.php(1249): count('id')
#2 /Applications/XAMPP/xamppfiles/htdocs/myyiiwechatdemo/vendor/yiisoft/yii2/db/QueryBuilder.php(1078): yii\db\QueryBuilder->buildInCondition('IN', Array, Array)
#3 /Applications/XAMPP/xamppfiles/htdocs/myyiiwechatdemo/vendor/yiisoft/yii2/db/QueryBuilder.php(883): yii\db\QueryBuilder->buildCondition(Array, Array)
#4 /Applications/XAMPP/xamppfiles/htdocs/myyiiwechatdemo/vendor/yiisoft/yii2/db/QueryBuilder.php(344): yii\db\QueryBuilder->buildWhere(Array, Array)
#5 /Applications/XAMPP/xamppfiles/htdocs/myyiiwechatdemo/vendor/yiisoft/yii2/db/Command.php(488): yii\db\QueryBuilder->update('{{%order_messag...', Array, Array, Array)
#6 /Applications/XAMPP/xamppfiles/htdocs/myyiiwechatdemo/vendor/yiisoft/yii2/db/ActiveRecord.php(225): yii\db\Command->update('{{%order_messag...', Array, Array, Array)
#7 /Applications/XAMPP/xamppfiles/htdocs/myyiiwechatdemo/modules/mch/controllers/GetDataController.php(42): yii\db\ActiveRecord::updateAll(Array, Array)
#8 [internal function]: app\modules\mch\controllers\GetDataController->actionOrder()
#9 /Applications/XAMPP/xamppfiles/htdocs/myyiiwechatdemo/vendor/yiisoft/yii2/base/InlineAction.php(57): call_user_func_array(Array, Array)
#10 /Applications/XAMPP/xamppfiles/htdocs/myyiiwechatdemo/vendor/yiisoft/yii2/base/Controller.php(156): yii\base\InlineAction->runWithParams(Array)
#11 /Applications/XAMPP/xamppfiles/htdocs/myyiiwechatdemo/vendor/yiisoft/yii2/base/Module.php(523): yii\base\Controller->runAction('order', Array)
#12 /Applications/XAMPP/xamppfiles/htdocs/myyiiwechatdemo/vendor/yiisoft/yii2/web/Application.php(102): yii\base\Module->runAction('mch/get-data/or...', Array)
#13 /Applications/XAMPP/xamppfiles/htdocs/myyiiwechatdemo/vendor/yiisoft/yii2/base/Application.php(380): yii\web\Application->handleRequest(Object(yii\web\Request))
#14 /Applications/XAMPP/xamppfiles/htdocs/myyiiwechatdemo/web/index.php(19): yii\base\Application->run()
#15 {main}
2018-05-15 18:53:30 [::1][-][5367d8f21cd0a5a8ddd2449807d33251][error][yii\base\ErrorException:2] yii\base\ErrorException: count(): Parameter must be an array or an object that implements Countable in /Applications/XAMPP/xamppfiles/htdocs/myyiiwechatdemo/vendor/yiisoft/yii2/db/QueryBuilder.php:1249
Stack trace:
#0 [internal function]: yii\base\ErrorHandler->handleError(2, 'count(): Parame...', '/Applications/X...', 1249, Array)
#1 /Applications/XAMPP/xamppfiles/htdocs/myyiiwechatdemo/vendor/yiisoft/yii2/db/QueryBuilder.php(1249): count('id')
#2 /Applications/XAMPP/xamppfiles/htdocs/myyiiwechatdemo/vendor/yiisoft/yii2/db/QueryBuilder.php(1078): yii\db\QueryBuilder->buildInCondition('IN', Array, Array)
#3 /Applications/XAMPP/xamppfiles/htdocs/myyiiwechatdemo/vendor/yiisoft/yii2/db/QueryBuilder.php(883): yii\db\QueryBuilder->buildCondition(Array, Array)
#4 /Applications/XAMPP/xamppfiles/htdocs/myyiiwechatdemo/vendor/yiisoft/yii2/db/QueryBuilder.php(344): yii\db\QueryBuilder->buildWhere(Array, Array)
#5 /Applications/XAMPP/xamppfiles/htdocs/myyiiwechatdemo/vendor/yiisoft/yii2/db/Command.php(488): yii\db\QueryBuilder->update('{{%order_messag...', Array, Array, Array)
#6 /Applications/XAMPP/xamppfiles/htdocs/myyiiwechatdemo/vendor/yiisoft/yii2/db/ActiveRecord.php(225): yii\db\Command->update('{{%order_messag...', Array, Array, Array)
#7 /Applications/XAMPP/xamppfiles/htdocs/myyiiwechatdemo/modules/mch/controllers/GetDataController.php(42): yii\db\ActiveRecord::updateAll(Array, Array)
#8 [internal function]: app\modules\mch\controllers\GetDataController->actionOrder()
#9 /Applications/XAMPP/xamppfiles/htdocs/myyiiwechatdemo/vendor/yiisoft/yii2/base/InlineAction.php(57): call_user_func_array(Array, Array)
#10 /Applications/XAMPP/xamppfiles/htdocs/myyiiwechatdemo/vendor/yiisoft/yii2/base/Controller.php(156): yii\base\InlineAction->runWithParams(Array)
#11 /Applications/XAMPP/xamppfiles/htdocs/myyiiwechatdemo/vendor/yiisoft/yii2/base/Module.php(523): yii\base\Controller->runAction('order', Array)
#12 /Applications/XAMPP/xamppfiles/htdocs/myyiiwechatdemo/vendor/yiisoft/yii2/web/Application.php(102): yii\base\Module->runAction('mch/get-data/or...', Array)
#13 /Applications/XAMPP/xamppfiles/htdocs/myyiiwechatdemo/vendor/yiisoft/yii2/base/Application.php(380): yii\web\Application->handleRequest(Object(yii\web\Request))
#14 /Applications/XAMPP/xamppfiles/htdocs/myyiiwechatdemo/web/index.php(19): yii\base\Application->run()
#15 {main}
2018-05-15 18:54:32 [::1][-][5367d8f21cd0a5a8ddd2449807d33251][error][yii\base\ErrorException:2] yii\base\ErrorException: count(): Parameter must be an array or an object that implements Countable in /Applications/XAMPP/xamppfiles/htdocs/myyiiwechatdemo/vendor/yiisoft/yii2/db/QueryBuilder.php:1249
Stack trace:
#0 [internal function]: yii\base\ErrorHandler->handleError(2, 'count(): Parame...', '/Applications/X...', 1249, Array)
#1 /Applications/XAMPP/xamppfiles/htdocs/myyiiwechatdemo/vendor/yiisoft/yii2/db/QueryBuilder.php(1249): count('id')
#2 /Applications/XAMPP/xamppfiles/htdocs/myyiiwechatdemo/vendor/yiisoft/yii2/db/QueryBuilder.php(1078): yii\db\QueryBuilder->buildInCondition('IN', Array, Array)
#3 /Applications/XAMPP/xamppfiles/htdocs/myyiiwechatdemo/vendor/yiisoft/yii2/db/QueryBuilder.php(883): yii\db\QueryBuilder->buildCondition(Array, Array)
#4 /Applications/XAMPP/xamppfiles/htdocs/myyiiwechatdemo/vendor/yiisoft/yii2/db/QueryBuilder.php(344): yii\db\QueryBuilder->buildWhere(Array, Array)
#5 /Applications/XAMPP/xamppfiles/htdocs/myyiiwechatdemo/vendor/yiisoft/yii2/db/Command.php(488): yii\db\QueryBuilder->update('{{%order_messag...', Array, Array, Array)
#6 /Applications/XAMPP/xamppfiles/htdocs/myyiiwechatdemo/vendor/yiisoft/yii2/db/ActiveRecord.php(225): yii\db\Command->update('{{%order_messag...', Array, Array, Array)
#7 /Applications/XAMPP/xamppfiles/htdocs/myyiiwechatdemo/modules/mch/controllers/GetDataController.php(42): yii\db\ActiveRecord::updateAll(Array, Array)
#8 [internal function]: app\modules\mch\controllers\GetDataController->actionOrder()
#9 /Applications/XAMPP/xamppfiles/htdocs/myyiiwechatdemo/vendor/yiisoft/yii2/base/InlineAction.php(57): call_user_func_array(Array, Array)
#10 /Applications/XAMPP/xamppfiles/htdocs/myyiiwechatdemo/vendor/yiisoft/yii2/base/Controller.php(156): yii\base\InlineAction->runWithParams(Array)
#11 /Applications/XAMPP/xamppfiles/htdocs/myyiiwechatdemo/vendor/yiisoft/yii2/base/Module.php(523): yii\base\Controller->runAction('order', Array)
#12 /Applications/XAMPP/xamppfiles/htdocs/myyiiwechatdemo/vendor/yiisoft/yii2/web/Application.php(102): yii\base\Module->runAction('mch/get-data/or...', Array)
#13 /Applications/XAMPP/xamppfiles/htdocs/myyiiwechatdemo/vendor/yiisoft/yii2/base/Application.php(380): yii\web\Application->handleRequest(Object(yii\web\Request))
#14 /Applications/XAMPP/xamppfiles/htdocs/myyiiwechatdemo/web/index.php(19): yii\base\Application->run()
#15 {main}
2018-05-15 18:55:33 [::1][-][5367d8f21cd0a5a8ddd2449807d33251][error][yii\base\ErrorException:2] yii\base\ErrorException: count(): Parameter must be an array or an object that implements Countable in /Applications/XAMPP/xamppfiles/htdocs/myyiiwechatdemo/vendor/yiisoft/yii2/db/QueryBuilder.php:1249
Stack trace:
#0 [internal function]: yii\base\ErrorHandler->handleError(2, 'count(): Parame...', '/Applications/X...', 1249, Array)
#1 /Applications/XAMPP/xamppfiles/htdocs/myyiiwechatdemo/vendor/yiisoft/yii2/db/QueryBuilder.php(1249): count('id')
#2 /Applications/XAMPP/xamppfiles/htdocs/myyiiwechatdemo/vendor/yiisoft/yii2/db/QueryBuilder.php(1078): yii\db\QueryBuilder->buildInCondition('IN', Array, Array)
#3 /Applications/XAMPP/xamppfiles/htdocs/myyiiwechatdemo/vendor/yiisoft/yii2/db/QueryBuilder.php(883): yii\db\QueryBuilder->buildCondition(Array, Array)
#4 /Applications/XAMPP/xamppfiles/htdocs/myyiiwechatdemo/vendor/yiisoft/yii2/db/QueryBuilder.php(344): yii\db\QueryBuilder->buildWhere(Array, Array)
#5 /Applications/XAMPP/xamppfiles/htdocs/myyiiwechatdemo/vendor/yiisoft/yii2/db/Command.php(488): yii\db\QueryBuilder->update('{{%order_messag...', Array, Array, Array)
#6 /Applications/XAMPP/xamppfiles/htdocs/myyiiwechatdemo/vendor/yiisoft/yii2/db/ActiveRecord.php(225): yii\db\Command->update('{{%order_messag...', Array, Array, Array)
#7 /Applications/XAMPP/xamppfiles/htdocs/myyiiwechatdemo/modules/mch/controllers/GetDataController.php(42): yii\db\ActiveRecord::updateAll(Array, Array)
#8 [internal function]: app\modules\mch\controllers\GetDataController->actionOrder()
#9 /Applications/XAMPP/xamppfiles/htdocs/myyiiwechatdemo/vendor/yiisoft/yii2/base/InlineAction.php(57): call_user_func_array(Array, Array)
#10 /Applications/XAMPP/xamppfiles/htdocs/myyiiwechatdemo/vendor/yiisoft/yii2/base/Controller.php(156): yii\base\InlineAction->runWithParams(Array)
#11 /Applications/XAMPP/xamppfiles/htdocs/myyiiwechatdemo/vendor/yiisoft/yii2/base/Module.php(523): yii\base\Controller->runAction('order', Array)
#12 /Applications/XAMPP/xamppfiles/htdocs/myyiiwechatdemo/vendor/yiisoft/yii2/web/Application.php(102): yii\base\Module->runAction('mch/get-data/or...', Array)
#13 /Applications/XAMPP/xamppfiles/htdocs/myyiiwechatdemo/vendor/yiisoft/yii2/base/Application.php(380): yii\web\Application->handleRequest(Object(yii\web\Request))
#14 /Applications/XAMPP/xamppfiles/htdocs/myyiiwechatdemo/web/index.php(19): yii\base\Application->run()
#15 {main}
2018-05-15 18:56:35 [::1][-][5367d8f21cd0a5a8ddd2449807d33251][error][yii\base\ErrorException:2] yii\base\ErrorException: count(): Parameter must be an array or an object that implements Countable in /Applications/XAMPP/xamppfiles/htdocs/myyiiwechatdemo/vendor/yiisoft/yii2/db/QueryBuilder.php:1249
Stack trace:
#0 [internal function]: yii\base\ErrorHandler->handleError(2, 'count(): Parame...', '/Applications/X...', 1249, Array)
#1 /Applications/XAMPP/xamppfiles/htdocs/myyiiwechatdemo/vendor/yiisoft/yii2/db/QueryBuilder.php(1249): count('id')
#2 /Applications/XAMPP/xamppfiles/htdocs/myyiiwechatdemo/vendor/yiisoft/yii2/db/QueryBuilder.php(1078): yii\db\QueryBuilder->buildInCondition('IN', Array, Array)
#3 /Applications/XAMPP/xamppfiles/htdocs/myyiiwechatdemo/vendor/yiisoft/yii2/db/QueryBuilder.php(883): yii\db\QueryBuilder->buildCondition(Array, Array)
#4 /Applications/XAMPP/xamppfiles/htdocs/myyiiwechatdemo/vendor/yiisoft/yii2/db/QueryBuilder.php(344): yii\db\QueryBuilder->buildWhere(Array, Array)
#5 /Applications/XAMPP/xamppfiles/htdocs/myyiiwechatdemo/vendor/yiisoft/yii2/db/Command.php(488): yii\db\QueryBuilder->update('{{%order_messag...', Array, Array, Array)
#6 /Applications/XAMPP/xamppfiles/htdocs/myyiiwechatdemo/vendor/yiisoft/yii2/db/ActiveRecord.php(225): yii\db\Command->update('{{%order_messag...', Array, Array, Array)
#7 /Applications/XAMPP/xamppfiles/htdocs/myyiiwechatdemo/modules/mch/controllers/GetDataController.php(42): yii\db\ActiveRecord::updateAll(Array, Array)
#8 [internal function]: app\modules\mch\controllers\GetDataController->actionOrder()
#9 /Applications/XAMPP/xamppfiles/htdocs/myyiiwechatdemo/vendor/yiisoft/yii2/base/InlineAction.php(57): call_user_func_array(Array, Array)
#10 /Applications/XAMPP/xamppfiles/htdocs/myyiiwechatdemo/vendor/yiisoft/yii2/base/Controller.php(156): yii\base\InlineAction->runWithParams(Array)
#11 /Applications/XAMPP/xamppfiles/htdocs/myyiiwechatdemo/vendor/yiisoft/yii2/base/Module.php(523): yii\base\Controller->runAction('order', Array)
#12 /Applications/XAMPP/xamppfiles/htdocs/myyiiwechatdemo/vendor/yiisoft/yii2/web/Application.php(102): yii\base\Module->runAction('mch/get-data/or...', Array)
#13 /Applications/XAMPP/xamppfiles/htdocs/myyiiwechatdemo/vendor/yiisoft/yii2/base/Application.php(380): yii\web\Application->handleRequest(Object(yii\web\Request))
#14 /Applications/XAMPP/xamppfiles/htdocs/myyiiwechatdemo/web/index.php(19): yii\base\Application->run()
#15 {main}
2018-05-15 18:57:35 [::1][-][5367d8f21cd0a5a8ddd2449807d33251][error][yii\base\ErrorException:2] yii\base\ErrorException: count(): Parameter must be an array or an object that implements Countable in /Applications/XAMPP/xamppfiles/htdocs/myyiiwechatdemo/vendor/yiisoft/yii2/db/QueryBuilder.php:1249
Stack trace:
#0 [internal function]: yii\base\ErrorHandler->handleError(2, 'count(): Parame...', '/Applications/X...', 1249, Array)
#1 /Applications/XAMPP/xamppfiles/htdocs/myyiiwechatdemo/vendor/yiisoft/yii2/db/QueryBuilder.php(1249): count('id')
#2 /Applications/XAMPP/xamppfiles/htdocs/myyiiwechatdemo/vendor/yiisoft/yii2/db/QueryBuilder.php(1078): yii\db\QueryBuilder->buildInCondition('IN', Array, Array)
#3 /Applications/XAMPP/xamppfiles/htdocs/myyiiwechatdemo/vendor/yiisoft/yii2/db/QueryBuilder.php(883): yii\db\QueryBuilder->buildCondition(Array, Array)
#4 /Applications/XAMPP/xamppfiles/htdocs/myyiiwechatdemo/vendor/yiisoft/yii2/db/QueryBuilder.php(344): yii\db\QueryBuilder->buildWhere(Array, Array)
#5 /Applications/XAMPP/xamppfiles/htdocs/myyiiwechatdemo/vendor/yiisoft/yii2/db/Command.php(488): yii\db\QueryBuilder->update('{{%order_messag...', Array, Array, Array)
#6 /Applications/XAMPP/xamppfiles/htdocs/myyiiwechatdemo/vendor/yiisoft/yii2/db/ActiveRecord.php(225): yii\db\Command->update('{{%order_messag...', Array, Array, Array)
#7 /Applications/XAMPP/xamppfiles/htdocs/myyiiwechatdemo/modules/mch/controllers/GetDataController.php(42): yii\db\ActiveRecord::updateAll(Array, Array)
#8 [internal function]: app\modules\mch\controllers\GetDataController->actionOrder()
#9 /Applications/XAMPP/xamppfiles/htdocs/myyiiwechatdemo/vendor/yiisoft/yii2/base/InlineAction.php(57): call_user_func_array(Array, Array)
#10 /Applications/XAMPP/xamppfiles/htdocs/myyiiwechatdemo/vendor/yiisoft/yii2/base/Controller.php(156): yii\base\InlineAction->runWithParams(Array)
#11 /Applications/XAMPP/xamppfiles/htdocs/myyiiwechatdemo/vendor/yiisoft/yii2/base/Module.php(523): yii\base\Controller->runAction('order', Array)
#12 /Applications/XAMPP/xamppfiles/htdocs/myyiiwechatdemo/vendor/yiisoft/yii2/web/Application.php(102): yii\base\Module->runAction('mch/get-data/or...', Array)
#13 /Applications/XAMPP/xamppfiles/htdocs/myyiiwechatdemo/vendor/yiisoft/yii2/base/Application.php(380): yii\web\Application->handleRequest(Object(yii\web\Request))
#14 /Applications/XAMPP/xamppfiles/htdocs/myyiiwechatdemo/web/index.php(19): yii\base\Application->run()
#15 {main}
